2025-08-12T12:18:11.8365729Z ##[group]Run npm run type-check
2025-08-12T12:18:11.8366040Z [36;1mnpm run type-check[0m
2025-08-12T12:18:11.8404644Z shell: /usr/bin/bash -e {0}
2025-08-12T12:18:11.8404897Z ##[endgroup]
2025-08-12T12:18:11.9496989Z 
2025-08-12T12:18:11.9497438Z > yessales-frontend@1.0.1 type-check
2025-08-12T12:18:11.9497952Z > vue-tsc --noEmit
2025-08-12T12:18:11.9498114Z 
2025-08-12T12:18:23.7282481Z ##[error]src/App-backup.vue(28,3): error TS2554: Expected 1 arguments, but got 0.
2025-08-12T12:18:23.7285421Z ##[error]src/App.standard.vue(18,3): error TS2554: Expected 1 arguments, but got 0.
2025-08-12T12:18:23.7287638Z ##[error]src/api/service.ts(21,66): error TS2554: Expected 2-3 arguments, but got 4.
2025-08-12T12:18:23.7290201Z ##[error]src/components/common/EnhancedToast.vue(121,5): error TS2322: Type 'Timeout' is not assignable to type 'number'.
2025-08-12T12:18:23.7299515Z ##[error]src/components/common/EnhancedToast.vue(132,7): error TS2322: Type 'Timeout' is not assignable to type 'number'.
2025-08-12T12:18:23.7302373Z ##[error]src/components/common/MobileTestingSuite.vue(113,35): error TS2345: Argument of type 'number' is not assignable to parameter of type 'string'.
2025-08-12T12:18:23.7305567Z ##[error]src/components/common/MobileTestingSuite.vue(323,67): error TS2345: Argument of type 'number' is not assignable to parameter of type 'string'.
2025-08-12T12:18:23.7308715Z ##[error]src/components/common/MobileTestingSuite.vue(324,67): error TS2345: Argument of type 'number' is not assignable to parameter of type 'string'.
2025-08-12T12:18:23.7312412Z ##[error]src/components/common/MobileTestingSuite.vue(358,64): error TS2339: Property 'totalTests' does not exist on type '{ total: number; passed: number; failed: number; warnings: number; passRate: number; }'.
2025-08-12T12:18:23.7316521Z ##[error]src/components/common/MobileTestingSuite.vue(362,72): error TS2339: Property 'passedTests' does not exist on type '{ total: number; passed: number; failed: number; warnings: number; passRate: number; }'.
2025-08-12T12:18:23.7320384Z ##[error]src/components/common/MobileTestingSuite.vue(366,70): error TS2339: Property 'failedTests' does not exist on type '{ total: number; passed: number; failed: number; warnings: number; passRate: number; }'.
2025-08-12T12:18:23.7326474Z ##[error]src/components/common/MobileTestingSuite.vue(600,30): error TS2339: Property 'recommendations' does not exist on type '{ summary: { totalTests: number; passRate: number; avgScore: number; breakpointCoverage: number; }; breakpointResults: { breakpoint: string; score: number; status: "warning" | "pass" | "fail"; }[]; commonIssues: { ...; }[]; recommendations: string[]; } | { ...; }'.
2025-08-12T12:18:23.7330111Z   Property 'recommendations' does not exist on type '{ summary: { breakpointCoverage: number; passRate: number; avgScore: number; }; breakpointResults: any[]; }'.
2025-08-12T12:18:23.7335344Z ##[error]src/components/common/MobileTestingSuite.vue(601,52): error TS2339: Property 'recommendations' does not exist on type '{ summary: { totalTests: number; passRate: number; avgScore: number; breakpointCoverage: number; }; breakpointResults: { breakpoint: string; score: number; status: "warning" | "pass" | "fail"; }[]; commonIssues: { ...; }[]; recommendations: string[]; } | { ...; }'.
2025-08-12T12:18:23.7338948Z   Property 'recommendations' does not exist on type '{ summary: { breakpointCoverage: number; passRate: number; avgScore: number; }; breakpointResults: any[]; }'.
2025-08-12T12:18:23.7341261Z ##[error]src/components/common/OfflineIndicator.vue(129,37): error TS2307: Cannot find module 'date-fns' or its corresponding type declarations.
2025-08-12T12:18:23.7344707Z ##[error]src/components/common/OfflineIndicator.vue(130,22): error TS2307: Cannot find module 'date-fns/locale' or its corresponding type declarations.
2025-08-12T12:18:23.7349025Z ##[error]src/components/common/OfflineIndicator.vue(178,50): error TS2339: Property 'value' does not exist on type '{ isOnline: boolean; connectionType?: string; effectiveType?: string; downlink?: number; rtt?: number; lastOnlineTime?: number; lastOfflineTime?: number; }'.
2025-08-12T12:18:23.7353062Z ##[error]src/components/common/OfflineIndicator.vue(200,24): error TS2551: Property 'value' does not exist on type 'boolean'. Did you mean 'valueOf'?
2025-08-12T12:18:23.7356442Z ##[error]src/components/common/OfflineIndicator.vue(212,24): error TS2551: Property 'value' does not exist on type 'boolean'. Did you mean 'valueOf'?
2025-08-12T12:18:23.7359480Z ##[error]src/components/common/OfflineIndicator.vue(223,69): error TS2551: Property 'value' does not exist on type 'number'. Did you mean 'valueOf'?
2025-08-12T12:18:23.7362002Z ##[error]src/components/common/OfflineIndicator.vue(232,3): error TS2769: No overload matches this call.
2025-08-12T12:18:23.7363810Z   The last overload gave the following error.
2025-08-12T12:18:23.7364594Z     Argument of type 'boolean' is not assignable to parameter of type 'object'.
2025-08-12T12:18:23.7366560Z ##[error]src/components/common/OfflineIndicator.vue(258,38): error TS2551: Property 'value' does not exist on type 'boolean'. Did you mean 'valueOf'?
2025-08-12T12:18:23.7369500Z ##[error]src/components/common/OfflineIndicator.vue(263,20): error TS2551: Property 'value' does not exist on type 'boolean'. Did you mean 'valueOf'?
2025-08-12T12:18:23.7372141Z ##[error]src/components/common/OfflineIndicator.vue(277,3): error TS2322: Type 'Timeout' is not assignable to type 'number'.
2025-08-12T12:18:23.7375139Z ##[error]src/components/common/OfflineIndicator.vue(344,17): error TS2551: Property 'value' does not exist on type 'boolean'. Did you mean 'valueOf'?
2025-08-12T12:18:23.7378258Z ##[error]src/components/sales/PriceCalculator.vue(140,35): error TS2322: Type '"plain"' is not assignable to type '"success" | "default" | "primary" | "warning" | "danger"'.
2025-08-12T12:18:23.7381455Z ##[error]src/components/sales/PriceCalculator.vue(142,35): error TS2322: Type '"plain"' is not assignable to type '"success" | "default" | "primary" | "warning" | "danger"'.
2025-08-12T12:18:23.7384348Z ##[error]src/components/sales/ProductCard.vue(31,27): error TS2339: Property 'stock' does not exist on type 'Product'.
2025-08-12T12:18:23.7386810Z ##[error]src/components/sales/ProductCard.vue(62,27): error TS2339: Property 'features' does not exist on type 'Product'.
2025-08-12T12:18:23.7389106Z ##[error]src/components/sales/ProductCard.vue(69,27): error TS2339: Property 'rating' does not exist on type 'Product'.
2025-08-12T12:18:23.7391690Z ##[error]src/components/sales/ProductCard.vue(75,66): error TS2339: Property 'rating' does not exist on type 'Product'.
2025-08-12T12:18:23.7394390Z ##[error]src/components/sales/ProductCard.vue(80,46): error TS2339: Property 'rating' does not exist on type 'Product'.
2025-08-12T12:18:23.7396974Z ##[error]src/components/sales/ProductCard.vue(88,27): error TS2339: Property 'originalPrice' does not exist on type 'Product'.
2025-08-12T12:18:23.7399545Z ##[error]src/components/sales/ProductCard.vue(88,52): error TS2339: Property 'originalPrice' does not exist on type 'Product'.
2025-08-12T12:18:23.7402080Z ##[error]src/components/sales/ProductCard.vue(91,25): error TS2339: Property 'originalPrice' does not exist on type 'Product'.
2025-08-12T12:18:23.7405000Z ##[error]src/components/sales/ProductCard.vue(99,13): error TS2322: Type '"mini"' is not assignable to type '"small" | "medium" | "large"'.
2025-08-12T12:18:23.7407621Z ##[error]src/components/sales/ProductCard.vue(107,31): error TS2322: Type '"mini"' is not assignable to type '"small" | "medium" | "large"'.
2025-08-12T12:18:23.7410257Z ##[error]src/components/sales/ProductCard.vue(135,29): error TS2339: Property 'specifications' does not exist on type 'Product'.
2025-08-12T12:18:23.7413134Z ##[error]src/components/sales/ProductCard.vue(138,42): error TS2339: Property 'specifications' does not exist on type 'Product'.
2025-08-12T12:18:23.7415833Z ##[error]src/components/sales/ProductCard.vue(192,22): error TS2339: Property 'stock' does not exist on type 'Product'.
2025-08-12T12:18:23.7418216Z ##[error]src/components/sales/ProductCard.vue(194,21): error TS2339: Property 'stock' does not exist on type 'Product'.
2025-08-12T12:18:23.7420836Z ##[error]src/components/sales/ProductCard.vue(196,28): error TS2339: Property 'stock' does not exist on type 'Product'.
2025-08-12T12:18:23.7423195Z ##[error]src/components/sales/ProductCard.vue(204,31): error TS2339: Property 'stock' does not exist on type 'Product'.
2025-08-12T12:18:23.7425812Z ##[error]src/components/sales/ProductCard.vue(215,24): error TS2339: Property 'features' does not exist on type 'Product'.
2025-08-12T12:18:23.7428367Z ##[error]src/components/sales/ProductCard.vue(219,53): error TS2339: Property 'specifications' does not exist on type 'Product'.
2025-08-12T12:18:23.7431841Z ##[error]src/components/sales/QuoteWizard.vue(273,3): error TS2739: Type '{ id: string; name: string; icon: string; }' is missing the following properties from type 'Category': is_active, created_at, updated_at
2025-08-12T12:18:23.7435867Z ##[error]src/components/sales/QuoteWizard.vue(274,3): error TS2739: Type '{ id: string; name: string; icon: string; }' is missing the following properties from type 'Category': is_active, created_at, updated_at
2025-08-12T12:18:23.7439704Z ##[error]src/components/sales/QuoteWizard.vue(275,3): error TS2739: Type '{ id: string; name: string; icon: string; }' is missing the following properties from type 'Category': is_active, created_at, updated_at
2025-08-12T12:18:23.7443765Z ##[error]src/components/sales/QuoteWizard.vue(276,3): error TS2739: Type '{ id: string; name: string; icon: string; }' is missing the following properties from type 'Category': is_active, created_at, updated_at
2025-08-12T12:18:23.7446581Z ##[error]src/components/sales/QuoteWizard.vue(277,3): error TS2739: Type '{ id: string; name: string; icon: string; }' is missing the following properties from type 'Category': is_active, created_at, updated_at
2025-08-12T12:18:23.7448374Z ##[error]src/components/sales/QuoteWizard.vue(364,27): error TS2365: Operator '<' cannot be applied to types 'number' and 'Readonly<Ref<number, number>>'.
2025-08-12T12:18:23.7453821Z ##[error]src/components/sales/QuoteWizard.vue(506,50): error TS2345: Argument of type '{ customer: { customerName: string; customerPhone: string; customerWechat: string; customerEmail: string; customerProvince: string; customerCity: string; customerAddress: string; customerType: "individual" | "company" | "dealer" | "club"; customerRemark: string; saveCustomer: boolean; }; items: { ...; }[]; pricing: ...' is not assignable to parameter of type 'CreateQuoteRequest'.
2025-08-12T12:18:23.7457084Z   Types of property 'customer' are incompatible.
2025-08-12T12:18:23.7460017Z     Type '{ customerName: string; customerPhone: string; customerWechat: string; customerEmail: string; customerProvince: string; customerCity: string; customerAddress: string; customerType: "individual" | "company" | "dealer" | "club"; customerRemark: string; saveCustomer: boolean; }' is missing the following properties from type '{ name: string; phone: string; wechat?: string; address?: string; remark?: string; }': name, phone
2025-08-12T12:18:23.7463777Z ##[error]src/components/sales/wizard/StepCustomer.vue(81,15): error TS2322: Type '"mini"' is not assignable to type '"small" | "medium" | "large"'.
2025-08-12T12:18:23.7466694Z ##[error]src/components/sales/wizard/StepCustomer.vue(82,15): error TS2322: Type '"plain"' is not assignable to type '"success" | "default" | "primary" | "warning" | "danger"'.
2025-08-12T12:18:23.7469657Z ##[error]src/components/sales/wizard/StepCustomer.vue(94,11): error TS2322: Type '"email"' is not assignable to type '"number" | "text" | "tel" | "digit" | "idcard"'.
2025-08-12T12:18:23.7472512Z ##[error]src/components/sales/wizard/StepCustomer.vue(145,15): error TS2322: Type '"mini"' is not assignable to type '"small" | "medium" | "large"'.
2025-08-12T12:18:23.7475574Z ##[error]src/components/sales/wizard/StepCustomer.vue(146,15): error TS2322: Type '"plain"' is not assignable to type '"success" | "default" | "primary" | "warning" | "danger"'.
2025-08-12T12:18:23.7478332Z ##[error]src/components/sales/wizard/StepCustomer.vue(429,3): error TS2322: Type 'boolean' is not assignable to type 'true'.
2025-08-12T12:18:23.7480667Z ##[error]src/components/sales/wizard/StepPricing.vue(99,11): error TS2322: Type 'number' is not assignable to type 'string'.
2025-08-12T12:18:23.7483201Z ##[error]src/components/sales/wizard/StepPricing.vue(126,15): error TS2322: Type '"mini"' is not assignable to type '"small" | "medium" | "large"'.
2025-08-12T12:18:23.7486321Z ##[error]src/components/sales/wizard/StepPricing.vue(127,15): error TS2322: Type '"plain"' is not assignable to type '"success" | "default" | "primary" | "warning" | "danger"'.
2025-08-12T12:18:23.7488925Z ##[error]src/components/sales/wizard/StepPricing.vue(152,15): error TS2322: Type 'number' is not assignable to type 'string'.
2025-08-12T12:18:23.7491268Z ##[error]src/components/sales/wizard/StepPricing.vue(176,15): error TS2322: Type 'number' is not assignable to type 'string'.
2025-08-12T12:18:23.7493746Z ##[error]src/components/sales/wizard/StepPricing.vue(189,15): error TS2322: Type 'number' is not assignable to type 'string'.
2025-08-12T12:18:23.7496347Z ##[error]src/components/sales/wizard/StepPricing.vue(220,21): error TS2322: Type '"mini"' is not assignable to type '"small" | "medium" | "large"'.
2025-08-12T12:18:23.7499098Z ##[error]src/components/sales/wizard/StepPricing.vue(227,21): error TS2322: Type '"mini"' is not assignable to type '"small" | "medium" | "large"'.
2025-08-12T12:18:23.7501562Z ##[error]src/components/sales/wizard/StepPricing.vue(235,19): error TS2322: Type 'number' is not assignable to type 'string'.
2025-08-12T12:18:23.7504267Z ##[error]src/components/sales/wizard/StepPricing.vue(243,30): error TS2322: Type '"mini"' is not assignable to type '"small" | "medium" | "large"'.
2025-08-12T12:18:23.7507283Z ##[error]src/components/sales/wizard/StepPricing.vue(250,24): error TS2322: Type '"plain"' is not assignable to type '"success" | "default" | "primary" | "warning" | "danger"'.
2025-08-12T12:18:23.7509872Z ##[error]src/components/sales/wizard/StepPricing.vue(261,15): error TS2322: Type 'number' is not assignable to type 'string'.
2025-08-12T12:18:23.7512435Z ##[error]src/components/sales/wizard/StepProducts.vue(101,26): error TS2322: Type '"mini"' is not assignable to type '"small" | "medium" | "large"'.
2025-08-12T12:18:23.7515263Z ##[error]src/components/sales/wizard/StepProducts.vue(130,45): error TS2322: Type '"plain"' is not assignable to type '"success" | "default" | "primary" | "warning" | "danger"'.
2025-08-12T12:18:23.7518328Z ##[error]src/components/sales/wizard/StepProducts.vue(179,37): error TS2339: Property 'stock' does not exist on type '{ id: string; name: string; model: string; category: string; categoryId?: string; price: number; unit: string; image?: string; image_url?: string; description?: string; is_active: boolean; isNew?: boolean; ... 5 more ...; skus?: { ...; }[]; }'.
2025-08-12T12:18:23.7521835Z ##[error]src/components/sales/wizard/StepProducts.vue(179,82): error TS2339: Property 'stock' does not exist on type '{ id: string; name: string; model: string; category: string; categoryId?: string; price: number; unit: string; image?: string; image_url?: string; description?: string; is_active: boolean; isNew?: boolean; ... 5 more ...; skus?: { ...; }[]; }'.
2025-08-12T12:18:23.7524371Z ##[error]src/components/sales/wizard/StepProducts.vue(186,26): error TS2322: Type '"plain"' is not assignable to type '"success" | "default" | "primary" | "warning" | "danger"'.
2025-08-12T12:18:23.7526266Z ##[error]src/components/sales/wizard/StepProducts.vue(339,9): error TS2353: Object literal may only specify known properties, and 'stock' does not exist in type 'Product'.
2025-08-12T12:18:23.7528062Z ##[error]src/components/sales/wizard/StepProducts.vue(447,29): error TS2339: Property 'timer' does not exist on type '() => void'.
2025-08-12T12:18:23.7529495Z ##[error]src/components/sales/wizard/StepProducts.vue(448,16): error TS2339: Property 'timer' does not exist on type '() => void'.
2025-08-12T12:18:23.7531166Z ##[error]src/components/sales/wizard/StepReview.vue(29,22): error TS2322: Type '"mini"' is not assignable to type '"small" | "medium" | "large"'.
2025-08-12T12:18:23.7532876Z ##[error]src/components/sales/wizard/StepReview.vue(29,34): error TS2322: Type '"plain"' is not assignable to type '"success" | "default" | "primary" | "warning" | "danger"'.
2025-08-12T12:18:23.7534889Z ##[error]src/components/sales/wizard/StepReview.vue(81,22): error TS2322: Type '"mini"' is not assignable to type '"small" | "medium" | "large"'.
2025-08-12T12:18:23.7536599Z ##[error]src/components/sales/wizard/StepReview.vue(81,34): error TS2322: Type '"plain"' is not assignable to type '"success" | "default" | "primary" | "warning" | "danger"'.
2025-08-12T12:18:23.7538185Z ##[error]src/components/sales/wizard/StepReview.vue(116,22): error TS2322: Type '"mini"' is not assignable to type '"small" | "medium" | "large"'.
2025-08-12T12:18:23.7539850Z ##[error]src/components/sales/wizard/StepReview.vue(116,34): error TS2322: Type '"plain"' is not assignable to type '"success" | "default" | "primary" | "warning" | "danger"'.
2025-08-12T12:18:23.7543928Z ##[error]src/components/sales/wizard/StepReviewRedesigned.vue(98,16): error TS2345: Argument of type '{ class: (string | { 'toggle-icon--rotated': boolean; })[]; name: string; }' is not assignable to parameter of type '{ readonly name: string; readonly size?: number | "xs" | "sm" | "md" | "lg" | "xl"; readonly variant?: "mini" | "outline" | "solid"; readonly color?: string; readonly tag?: string; readonly ariaLabel?: string; readonly class?: string | string[]; } & VNodeProps & AllowedComponentProps & ComponentCustomProps & Record<...'.
2025-08-12T12:18:23.7546796Z   Type '{ class: (string | { 'toggle-icon--rotated': boolean; })[]; name: string; }' is not assignable to type '{ readonly name: string; readonly size?: number | "xs" | "sm" | "md" | "lg" | "xl"; readonly variant?: "mini" | "outline" | "solid"; readonly color?: string; readonly tag?: string; readonly ariaLabel?: string; readonly class?: string | string[]; }'.
2025-08-12T12:18:23.7547898Z     Types of property 'class' are incompatible.
2025-08-12T12:18:23.7548411Z       Type '(string | { 'toggle-icon--rotated': boolean; })[]' is not assignable to type 'string | string[]'.
2025-08-12T12:18:23.7549031Z         Type '(string | { 'toggle-icon--rotated': boolean; })[]' is not assignable to type 'string[]'.
2025-08-12T12:18:23.7549612Z           Type 'string | { 'toggle-icon--rotated': boolean; }' is not assignable to type 'string'.
2025-08-12T12:18:23.7550171Z             Type '{ 'toggle-icon--rotated': boolean; }' is not assignable to type 'string'.
2025-08-12T12:18:23.7553672Z ##[error]src/components/sales/wizard/StepReviewRedesigned.vue(158,16): error TS2345: Argument of type '{ class: (string | { 'toggle-icon--rotated': boolean; })[]; name: string; }' is not assignable to parameter of type '{ readonly name: string; readonly size?: number | "xs" | "sm" | "md" | "lg" | "xl"; readonly variant?: "mini" | "outline" | "solid"; readonly color?: string; readonly tag?: string; readonly ariaLabel?: string; readonly class?: string | string[]; } & VNodeProps & AllowedComponentProps & ComponentCustomProps & Record<...'.
2025-08-12T12:18:23.7556548Z   Type '{ class: (string | { 'toggle-icon--rotated': boolean; })[]; name: string; }' is not assignable to type '{ readonly name: string; readonly size?: number | "xs" | "sm" | "md" | "lg" | "xl"; readonly variant?: "mini" | "outline" | "solid"; readonly color?: string; readonly tag?: string; readonly ariaLabel?: string; readonly class?: string | string[]; }'.
2025-08-12T12:18:23.7557635Z     Types of property 'class' are incompatible.
2025-08-12T12:18:23.7558300Z       Type '(string | { 'toggle-icon--rotated': boolean; })[]' is not assignable to type 'string | string[]'.
2025-08-12T12:18:23.7558923Z         Type '(string | { 'toggle-icon--rotated': boolean; })[]' is not assignable to type 'string[]'.
2025-08-12T12:18:23.7559507Z           Type 'string | { 'toggle-icon--rotated': boolean; }' is not assignable to type 'string'.
2025-08-12T12:18:23.7560172Z             Type '{ 'toggle-icon--rotated': boolean; }' is not assignable to type 'string'.
2025-08-12T12:18:23.7561318Z ##[error]src/components/sales/wizard/StepReviewRedesigned.vue(315,38): error TS2307: Cannot find module '@/types/quote' or its corresponding type declarations.
2025-08-12T12:18:23.7564686Z ##[error]src/composables/useEnhancedTableWithRealtime.ts(126,29): error TS2339: Property 'setData' does not exist on type '{ state: { items: (T & VirtualScrollItem)[]; total: number; loading: boolean; error: string; currentPage: number; pageSize: number; sortBy: string; sortOrder: "asc" | "desc"; filters: Record<...>; }; ... 32 more ...; getSelectedItems: (items: TableItem[]) => TableItem[]; } | { ...; }'.
2025-08-12T12:18:23.7567185Z   Property 'setData' does not exist on type '{ state: { items: (T & VirtualScrollItem)[]; total: number; loading: boolean; error: string; currentPage: number; pageSize: number; sortBy: string; sortOrder: "asc" | "desc"; filters: Record<...>; }; ... 32 more ...; getSelectedItems: (items: TableItem[]) => TableItem[]; }'.
2025-08-12T12:18:23.7570329Z ##[error]src/composables/useEnhancedTableWithRealtime.ts(126,88): error TS2339: Property 'total' does not exist on type '{ items: UnwrapRefSimple<T>[]; loading: boolean; syncing: boolean; connected: boolean; lastSync: Date; pendingUpdates: { id: string | number; type: "create" | "delete" | "update"; data?: { ...; }; timestamp: number; optimistic?: boolean; }[]; conflicts: { ...; }[]; }'.
2025-08-12T12:18:23.7574256Z ##[error]src/composables/useEnhancedTableWithRealtime.ts(192,38): error TS2339: Property 'total' does not exist on type '{ items: UnwrapRefSimple<T>[]; loading: boolean; syncing: boolean; connected: boolean; lastSync: Date; pendingUpdates: { id: string | number; type: "create" | "delete" | "update"; data?: { ...; }; timestamp: number; optimistic?: boolean; }[]; conflicts: { ...; }[]; }'.
2025-08-12T12:18:23.7576554Z ##[error]src/composables/useFormValidation.ts(141,5): error TS2536: Type 'keyof T' cannot be used to index type 'Reactive<{ [K in keyof T]: any; }>'.
2025-08-12T12:18:23.7578215Z ##[error]src/composables/useFormValidation.ts(142,5): error TS2536: Type 'keyof T' cannot be used to index type 'Reactive<{ [K in keyof T]: ValidationState; }>'.
2025-08-12T12:18:23.7579826Z ##[error]src/composables/useFormValidation.ts(176,19): error TS2536: Type 'keyof T' cannot be used to index type 'Reactive<{ [K in keyof T]: any; }>'.
2025-08-12T12:18:23.7581452Z ##[error]src/composables/useFormValidation.ts(177,19): error TS2536: Type 'keyof T' cannot be used to index type 'Reactive<{ [K in keyof T]: ValidationState; }>'.
2025-08-12T12:18:23.7583019Z ##[error]src/composables/useFormValidation.ts(278,5): error TS2536: Type 'keyof T' cannot be used to index type 'Reactive<{ [K in keyof T]: any; }>'.
2025-08-12T12:18:23.7584912Z ##[error]src/composables/useFormValidation.ts(279,5): error TS2536: Type 'keyof T' cannot be used to index type 'Reactive<{ [K in keyof T]: ValidationState; }>'.
2025-08-12T12:18:23.7586577Z ##[error]src/composables/useFormValidation.ts(297,12): error TS2536: Type 'keyof T' cannot be used to index type 'Reactive<{ [K in keyof T]: ValidationState; }>'.
2025-08-12T12:18:23.7588233Z ##[error]src/composables/useFormValidation.ts(302,12): error TS2536: Type 'keyof T' cannot be used to index type 'Reactive<{ [K in keyof T]: ValidationState; }>'.
2025-08-12T12:18:23.7589920Z ##[error]src/composables/useFormValidation.ts(307,12): error TS2536: Type 'keyof T' cannot be used to index type 'Reactive<{ [K in keyof T]: ValidationState; }>'.
2025-08-12T12:18:23.7591493Z ##[error]src/composables/useFormValidation.ts(312,5): error TS2536: Type 'keyof T' cannot be used to index type 'Reactive<{ [K in keyof T]: any; }>'.
2025-08-12T12:18:23.7593216Z ##[error]src/composables/useFormValidation.ts(325,15): error TS2536: Type 'keyof T' cannot be used to index type 'Reactive<{ [K in keyof T]: any; }>'.
2025-08-12T12:18:23.7595144Z ##[error]src/composables/usePermissions.ts(24,44): error TS2367: This comparison appears to be unintentional because the types '"sales"' and '"sales_manager"' have no overlap.
2025-08-12T12:18:23.7597164Z ##[error]src/composables/usePermissions.ts(25,19): error TS2367: This comparison appears to be unintentional because the types '"admin" | "sales"' and '"sales_rep"' have no overlap.
2025-08-12T12:18:23.7599023Z ##[error]src/composables/usePermissions.ts(26,17): error TS2367: This comparison appears to be unintentional because the types '"admin" | "sales"' and '"viewer"' have no overlap.
2025-08-12T12:18:23.7600856Z ##[error]src/composables/usePermissions.ts(42,55): error TS2367: This comparison appears to be unintentional because the types '"sales"' and '"sales_manager"' have no overlap.
2025-08-12T12:18:23.7602698Z ##[error]src/composables/usePermissions.ts(46,51): error TS2367: This comparison appears to be unintentional because the types '"sales"' and '"sales_manager"' have no overlap.
2025-08-12T12:18:23.7604646Z ##[error]src/composables/usePermissions.ts(47,52): error TS2367: This comparison appears to be unintentional because the types '"sales"' and '"sales_manager"' have no overlap.
2025-08-12T12:18:23.7606532Z ##[error]src/composables/usePermissions.ts(48,49): error TS2367: This comparison appears to be unintentional because the types '"sales"' and '"sales_manager"' have no overlap.
2025-08-12T12:18:23.7608040Z ##[error]src/composables/useRealTimeUpdates.ts(183,9): error TS2862: Type 'T' is generic and can only be indexed for reading.
2025-08-12T12:18:23.7609585Z ##[error]src/composables/useRealTimeUpdates.ts(212,47): error TS2345: Argument of type 'UnwrapRefSimple<T>' is not assignable to parameter of type 'T'.
2025-08-12T12:18:23.7610876Z   'UnwrapRefSimple<T>' is assignable to the constraint of type 'T', but 'T' could be instantiated with a different subtype of constraint 'DataItem'.
2025-08-12T12:18:23.7611705Z     Type '{ [x: string]: any; id: string | number; _version?: number; _lastModified?: string; }' is not assignable to type 'T'.
2025-08-12T12:18:23.7612725Z       '{ [x: string]: any; id: string | number; _version?: number; _lastModified?: string; }' is assignable to the constraint of type 'T', but 'T' could be instantiated with a different subtype of constraint 'DataItem'.
2025-08-12T12:18:23.7614296Z ##[error]src/composables/useRealTimeUpdates.ts(213,7): error TS2322: Type 'T' is not assignable to type 'UnwrapRefSimple<T>'.
2025-08-12T12:18:23.7615292Z   Type 'DataItem' is not assignable to type 'UnwrapRefSimple<T>'.
2025-08-12T12:18:23.7616202Z ##[error]src/composables/useRealTimeUpdates.ts(222,9): error TS2322: Type 'T' is not assignable to type 'UnwrapRefSimple<T>'.
2025-08-12T12:18:23.7617184Z   Type 'DataItem' is not assignable to type 'UnwrapRefSimple<T>'.
2025-08-12T12:18:23.7618067Z ##[error]src/composables/useRealTimeUpdates.ts(330,13): error TS2862: Type 'T' is generic and can only be indexed for reading.
2025-08-12T12:18:23.7619626Z ##[error]src/composables/useRealTimeUpdates.ts(417,40): error TS2345: Argument of type 'UnwrapRefSimple<T>' is not assignable to parameter of type 'T'.
2025-08-12T12:18:23.7620935Z   'UnwrapRefSimple<T>' is assignable to the constraint of type 'T', but 'T' could be instantiated with a different subtype of constraint 'DataItem'.
2025-08-12T12:18:23.7621755Z     Type '{ [x: string]: any; id: string | number; _version?: number; _lastModified?: string; }' is not assignable to type 'T'.
2025-08-12T12:18:23.7622760Z       '{ [x: string]: any; id: string | number; _version?: number; _lastModified?: string; }' is assignable to the constraint of type 'T', but 'T' could be instantiated with a different subtype of constraint 'DataItem'.
2025-08-12T12:18:23.7624638Z ##[error]src/composables/useRealTimeUpdates.ts(420,27): error TS2345: Argument of type 'UnwrapRefSimple<T>' is not assignable to parameter of type 'T'.
2025-08-12T12:18:23.7625956Z   'UnwrapRefSimple<T>' is assignable to the constraint of type 'T', but 'T' could be instantiated with a different subtype of constraint 'DataItem'.
2025-08-12T12:18:23.7626775Z     Type '{ [x: string]: any; id: string | number; _version?: number; _lastModified?: string; }' is not assignable to type 'T'.
2025-08-12T12:18:23.7627913Z       '{ [x: string]: any; id: string | number; _version?: number; _lastModified?: string; }' is assignable to the constraint of type 'T', but 'T' could be instantiated with a different subtype of constraint 'DataItem'.
2025-08-12T12:18:23.7629234Z ##[error]src/composables/useRealTimeUpdates.ts(421,32): error TS2322: Type 'UnwrapRefSimple<T>' is not assignable to type 'UnwrapRef<T>'.
2025-08-12T12:18:23.7631042Z   Type 'T | (T extends Map<infer K, infer V> ? Map<K, UnwrapRefSimple<V>> & UnwrapRef<Omit<T, keyof Map<any, any>>> : T extends WeakMap<...> ? WeakMap<...> & UnwrapRef<...> : T extends Set<...> ? Set<...> & UnwrapRef<...> : T extends WeakSet<...> ? WeakSet<...> & UnwrapRef<...> : T extends readonly any[] ? { [K in keyof T]:...' is not assignable to type 'UnwrapRef<T>'.
2025-08-12T12:18:23.7632119Z     Type 'T' is not assignable to type 'UnwrapRef<T>'.
2025-08-12T12:18:23.7632503Z       Type 'DataItem' is not assignable to type 'UnwrapRef<T>'.
2025-08-12T12:18:23.7633368Z ##[error]src/composables/useRealTimeUpdates.ts(421,48): error TS2322: Type 'T' is not assignable to type 'UnwrapRef<T>'.
2025-08-12T12:18:23.7634434Z   Type 'DataItem' is not assignable to type 'UnwrapRef<T>'.
2025-08-12T12:18:23.7635286Z ##[error]src/composables/useRealTimeUpdates.ts(425,7): error TS2322: Type 'T' is not assignable to type 'UnwrapRefSimple<T>'.
2025-08-12T12:18:23.7636238Z   Type 'DataItem' is not assignable to type 'UnwrapRefSimple<T>'.
2025-08-12T12:18:23.7637272Z ##[error]src/composables/useRealTimeUpdates.ts(433,24): error TS2345: Argument of type 'T' is not assignable to parameter of type 'UnwrapRefSimple<T>'.
2025-08-12T12:18:23.7638311Z   Type 'DataItem' is not assignable to type 'UnwrapRefSimple<T>'.
2025-08-12T12:18:23.7639359Z ##[error]src/composables/useRealTimeUpdates.ts(487,31): error TS2345: Argument of type 'UnwrapRefSimple<T>' is not assignable to parameter of type 'T'.
2025-08-12T12:18:23.7640661Z   'UnwrapRefSimple<T>' is assignable to the constraint of type 'T', but 'T' could be instantiated with a different subtype of constraint 'DataItem'.
2025-08-12T12:18:23.7641475Z     Type '{ [x: string]: any; id: string | number; _version?: number; _lastModified?: string; }' is not assignable to type 'T'.
2025-08-12T12:18:23.7642482Z       '{ [x: string]: any; id: string | number; _version?: number; _lastModified?: string; }' is assignable to the constraint of type 'T', but 'T' could be instantiated with a different subtype of constraint 'DataItem'.
2025-08-12T12:18:23.7643964Z ##[error]src/composables/useRealTimeUpdates.ts(501,24): error TS2345: Argument of type 'T' is not assignable to parameter of type 'UnwrapRefSimple<T>'.
2025-08-12T12:18:23.7644994Z   Type 'DataItem' is not assignable to type 'UnwrapRefSimple<T>'.
2025-08-12T12:18:23.7646010Z ##[error]src/composables/useRealTimeUpdates.ts(598,42): error TS2345: Argument of type 'UnwrapRef<T>' is not assignable to parameter of type 'T'.
2025-08-12T12:18:23.7647253Z   'UnwrapRef<T>' is assignable to the constraint of type 'T', but 'T' could be instantiated with a different subtype of constraint 'DataItem'.
2025-08-12T12:18:23.7648040Z     Type '{ [x: string]: any; id: string | number; _version?: number; _lastModified?: string; }' is not assignable to type 'T'.
2025-08-12T12:18:23.7649045Z       '{ [x: string]: any; id: string | number; _version?: number; _lastModified?: string; }' is assignable to the constraint of type 'T', but 'T' could be instantiated with a different subtype of constraint 'DataItem'.
2025-08-12T12:18:23.7650438Z ##[error]src/composables/useRealTimeUpdates.ts(603,11): error TS2322: Type 'T' is not assignable to type 'UnwrapRefSimple<T>'.
2025-08-12T12:18:23.7651395Z   Type 'DataItem' is not assignable to type 'UnwrapRefSimple<T>'.
2025-08-12T12:18:23.7653707Z ##[error]src/composables/useTableEnhancements.ts(370,51): error TS2345: Argument of type '(page: number, pageSize: number) => Promise<{ items: TableItem[]; total: number; hasMore: boolean; }>' is not assignable to parameter of type '(page: number, pageSize: number) => Promise<{ items: T[]; total: number; hasMore: boolean; }>'.
2025-08-12T12:18:23.7655755Z   Type 'Promise<{ items: TableItem[]; total: number; hasMore: boolean; }>' is not assignable to type 'Promise<{ items: T[]; total: number; hasMore: boolean; }>'.
2025-08-12T12:18:23.7656664Z     Type '{ items: TableItem[]; total: number; hasMore: boolean; }' is not assignable to type '{ items: T[]; total: number; hasMore: boolean; }'.
2025-08-12T12:18:23.7657243Z       Types of property 'items' are incompatible.
2025-08-12T12:18:23.7657616Z         Type 'TableItem[]' is not assignable to type 'T[]'.
2025-08-12T12:18:23.7657984Z           Type 'TableItem' is not assignable to type 'T'.
2025-08-12T12:18:23.7658691Z             'TableItem' is assignable to the constraint of type 'T', but 'T' could be instantiated with a different subtype of constraint 'TableItem & VirtualScrollItem'.
2025-08-12T12:18:23.7660146Z ##[error]src/config/production.ts(154,36): error TS2551: Property 'VITE_API_BASE_URL' does not exist on type 'ImportMetaEnv'. Did you mean 'VITE_SUPABASE_URL'?
2025-08-12T12:18:23.7661611Z ##[error]src/config/production.ts(159,36): error TS2339: Property 'VITE_CDN_URL' does not exist on type 'ImportMetaEnv'.
2025-08-12T12:18:23.7662954Z ##[error]src/config/production.ts(165,37): error TS2339: Property 'VITE_APP_VERSION' does not exist on type 'ImportMetaEnv'.
2025-08-12T12:18:23.7664591Z ##[error]src/config/production.ts(228,34): error TS2339: Property 'VITE_APP_VERSION' does not exist on type 'ImportMetaEnv'.
2025-08-12T12:18:23.7666007Z ##[error]src/config/production.ts(229,32): error TS2339: Property 'VITE_BUILD_NUMBER' does not exist on type 'ImportMetaEnv'.
2025-08-12T12:18:23.7667584Z ##[error]src/config/production.ts(236,34): error TS2551: Property 'VITE_API_BASE_URL' does not exist on type 'ImportMetaEnv'. Did you mean 'VITE_SUPABASE_URL'?
2025-08-12T12:18:23.7669249Z ##[error]src/config/production.ts(254,49): error TS2551: Property 'VITE_API_BASE_URL' does not exist on type 'ImportMetaEnv'. Did you mean 'VITE_SUPABASE_URL'?
2025-08-12T12:18:23.7670677Z ##[error]src/config/production.ts(287,33): error TS2339: Property 'VITE_CDN_URL' does not exist on type 'ImportMetaEnv'.
2025-08-12T12:18:23.7672045Z ##[error]src/config/production.ts(440,22): error TS2339: Property 'VITE_CONFIG_PRESET' does not exist on type 'ImportMetaEnv'.
2025-08-12T12:18:23.7673469Z ##[error]src/config/production.ts(592,25): error TS2339: Property 'VITE_MONITORING_ENDPOINT' does not exist on type 'ImportMetaEnv'.
2025-08-12T12:18:23.7675092Z ##[error]src/config/production.ts(593,29): error TS2339: Property 'VITE_MONITORING_ENDPOINT' does not exist on type 'ImportMetaEnv'.
2025-08-12T12:18:23.7676583Z ##[error]src/config/production.ts(603,25): error TS2339: Property 'VITE_ERROR_REPORTING_ENDPOINT' does not exist on type 'ImportMetaEnv'.
2025-08-12T12:18:23.7678069Z ##[error]src/config/production.ts(604,29): error TS2339: Property 'VITE_ERROR_REPORTING_ENDPOINT' does not exist on type 'ImportMetaEnv'.
2025-08-12T12:18:23.7680260Z ##[error]src/pages/admin/customers/detail.vue(11,8): error TS2345: Argument of type '{ class: string; onClick: (id?: string) => Promise<void>; }' is not assignable to parameter of type 'ButtonHTMLAttributes & ReservedProps & Record<string, unknown>'.
2025-08-12T12:18:23.7681676Z   Type '{ class: string; onClick: (id?: string) => Promise<void>; }' is not assignable to type 'ButtonHTMLAttributes'.
2025-08-12T12:18:23.7682194Z     Types of property 'onClick' are incompatible.
2025-08-12T12:18:23.7682677Z       Type '(id?: string) => Promise<void>' is not assignable to type '(payload: MouseEvent) => void'.
2025-08-12T12:18:23.7683327Z         Types of parameters 'id' and 'payload' are incompatible.
2025-08-12T12:18:23.7683855Z           Type 'MouseEvent' is not assignable to type 'string'.
2025-08-12T12:18:23.7687028Z ##[error]src/pages/admin/customers/detail.vue(86,12): error TS2345: Argument of type '{ title: string; value: number; icon: string; theme: "primary"; }' is not assignable to parameter of type '{ readonly label: string; readonly value: string | number; readonly icon?: string; readonly unit?: string; readonly theme?: StatCardTheme; readonly iconColor?: string; ... 10 more ...; readonly onClick?: () => any; } & VNodeProps & AllowedComponentProps & ComponentCustomProps & Record<...>'.
2025-08-12T12:18:23.7690087Z   Property 'label' is missing in type '{ title: string; value: number; icon: string; theme: "primary"; }' but required in type '{ readonly label: string; readonly value: string | number; readonly icon?: string; readonly unit?: string; readonly theme?: StatCardTheme; readonly iconColor?: string; readonly iconBgColor?: string; ... 9 more ...; readonly onClick?: () => any; }'.
2025-08-12T12:18:23.7694376Z ##[error]src/pages/admin/customers/detail.vue(92,12): error TS2345: Argument of type '{ title: string; value: string; icon: string; theme: "success"; }' is not assignable to parameter of type '{ readonly label: string; readonly value: string | number; readonly icon?: string; readonly unit?: string; readonly theme?: StatCardTheme; readonly iconColor?: string; ... 10 more ...; readonly onClick?: () => any; } & VNodeProps & AllowedComponentProps & ComponentCustomProps & Record<...>'.
2025-08-12T12:18:23.7697364Z   Property 'label' is missing in type '{ title: string; value: string; icon: string; theme: "success"; }' but required in type '{ readonly label: string; readonly value: string | number; readonly icon?: string; readonly unit?: string; readonly theme?: StatCardTheme; readonly iconColor?: string; readonly iconBgColor?: string; ... 9 more ...; readonly onClick?: () => any; }'.
2025-08-12T12:18:23.7701378Z ##[error]src/pages/admin/customers/detail.vue(98,12): error TS2345: Argument of type '{ title: string; value: string; icon: string; theme: "info"; }' is not assignable to parameter of type '{ readonly label: string; readonly value: string | number; readonly icon?: string; readonly unit?: string; readonly theme?: StatCardTheme; readonly iconColor?: string; ... 10 more ...; readonly onClick?: () => any; } & VNodeProps & AllowedComponentProps & ComponentCustomProps & Record<...>'.
2025-08-12T12:18:23.7704520Z   Property 'label' is missing in type '{ title: string; value: string; icon: string; theme: "info"; }' but required in type '{ readonly label: string; readonly value: string | number; readonly icon?: string; readonly unit?: string; readonly theme?: StatCardTheme; readonly iconColor?: string; readonly iconBgColor?: string; ... 9 more ...; readonly onClick?: () => any; }'.
2025-08-12T12:18:23.7708541Z ##[error]src/pages/admin/customers/detail.vue(104,12): error TS2345: Argument of type '{ title: string; value: string; icon: string; theme: "default"; }' is not assignable to parameter of type '{ readonly label: string; readonly value: string | number; readonly icon?: string; readonly unit?: string; readonly theme?: StatCardTheme; readonly iconColor?: string; ... 10 more ...; readonly onClick?: () => any; } & VNodeProps & AllowedComponentProps & ComponentCustomProps & Record<...>'.
2025-08-12T12:18:23.7711487Z   Property 'label' is missing in type '{ title: string; value: string; icon: string; theme: "default"; }' but required in type '{ readonly label: string; readonly value: string | number; readonly icon?: string; readonly unit?: string; readonly theme?: StatCardTheme; readonly iconColor?: string; readonly iconBgColor?: string; ... 9 more ...; readonly onClick?: () => any; }'.
2025-08-12T12:18:23.7714064Z ##[error]src/pages/admin/customers/index.vue(168,38): error TS2339: Property 'align' does not exist on type '{ key: string; label: string; width: string; sortable?: undefined; } | { key: string; label: string; width: string; sortable: boolean; }'.
2025-08-12T12:18:23.7715655Z   Property 'align' does not exist on type '{ key: string; label: string; width: string; sortable?: undefined; }'.
2025-08-12T12:18:23.7717377Z ##[error]src/pages/admin/customers/index.vue(169,57): error TS2339: Property 'flex' does not exist on type '{ key: string; label: string; width: string; sortable?: undefined; } | { key: string; label: string; width: string; sortable: boolean; }'.
2025-08-12T12:18:23.7718893Z   Property 'flex' does not exist on type '{ key: string; label: string; width: string; sortable?: undefined; }'.
2025-08-12T12:18:23.7719882Z ##[error]src/pages/admin/customers/index.vue(200,58): error TS2339: Property 'checked' does not exist on type 'EventTarget'.
2025-08-12T12:18:23.7721629Z ##[error]src/pages/admin/customers/index.vue(863,7): error TS2353: Object literal may only specify known properties, and 'customerIds' does not exist in type 'CustomerExportData'.
2025-08-12T12:18:23.7723656Z ##[error]src/pages/admin/customers/index.vue(894,7): error TS2353: Object literal may only specify known properties, and 'customerIds' does not exist in type 'CustomerExportData'.
2025-08-12T12:18:23.7725431Z ##[error]src/pages/admin/customers/realtime-demo.vue(184,42): error TS2345: Argument of type 'string | number' is not assignable to parameter of type 'string'.
2025-08-12T12:18:23.7726457Z   Type 'number' is not assignable to type 'string'.
2025-08-12T12:18:23.7727538Z ##[error]src/pages/admin/customers/realtime-demo.vue(328,25): error TS2307: Cannot find module '@/layouts/AdminLayout.vue' or its corresponding type declarations.
2025-08-12T12:18:23.7729166Z ##[error]src/pages/admin/customers/realtime-demo.vue(478,34): error TS2344: Type 'Customer' does not satisfy the constraint 'TableItem & DataItem'.
2025-08-12T12:18:23.7730157Z   Type 'Customer' is not assignable to type 'TableItem'.
2025-08-12T12:18:23.7730516Z     Types of property 'id' are incompatible.
2025-08-12T12:18:23.7730878Z       Type 'string | number' is not assignable to type 'string'.
2025-08-12T12:18:23.7731259Z         Type 'number' is not assignable to type 'string'.
2025-08-12T12:18:23.7732217Z ##[error]src/pages/admin/logs/index.vue(103,38): error TS2345: Argument of type 'string' is not assignable to parameter of type 'LogCategory'.
2025-08-12T12:18:23.7734027Z ##[error]src/pages/admin/logs/index.vue(107,55): error TS2345: Argument of type 'string' is not assignable to parameter of type 'LogCategory'.
2025-08-12T12:18:23.7735609Z ##[error]src/pages/admin/logs/index.vue(128,36): error TS2345: Argument of type 'string' is not assignable to parameter of type 'LogAction'.
2025-08-12T12:18:23.7737119Z ##[error]src/pages/admin/logs/index.vue(132,52): error TS2345: Argument of type 'string' is not assignable to parameter of type 'LogAction'.
2025-08-12T12:18:23.7738457Z ##[error]src/pages/admin/logs/index.vue(332,8): error TS2322: Type '() => void' is not assignable to type 'boolean'.
2025-08-12T12:18:23.7741586Z ##[error]src/pages/admin/logs/index.vue(335,16): error TS2339: Property 'exportLogs' does not exist on type 'CreateComponentPublicInstanceWithMixins<ToResolvedProps<{}, {}>, { DataTable: __VLS_WithSlots<DefineComponent<Props, {}, {}, {}, {}, ComponentOptionsMixin, ComponentOptionsMixin, ... 12 more ..., any>, { ...; }>; ... 51 more ...; formatDate: (timestamp: string) => string; }, ... 23 more ..., {}>'.
2025-08-12T12:18:23.7744008Z ##[error]src/pages/admin/logs/index.vue(407,35): error TS2551: Property 'value' does not exist on type 'number'. Did you mean 'valueOf'?
2025-08-12T12:18:23.7745485Z ##[error]src/pages/admin/logs/index.vue(407,57): error TS2551: Property 'value' does not exist on type 'number'. Did you mean 'valueOf'?
2025-08-12T12:18:23.7746913Z ##[error]src/pages/admin/logs/index.vue(408,42): error TS2551: Property 'value' does not exist on type 'number'. Did you mean 'valueOf'?
2025-08-12T12:18:23.7749637Z ##[error]src/pages/admin/logs/index.vue(409,23): error TS2551: Property 'value' does not exist on type '{ id: string; timestamp: string; level: LogLevel; category: LogCategory; action: LogAction; user_id: string; user_name?: string; user_role?: string; resource_type?: string; ... 13 more ...; updated_at?: string; }[]'. Did you mean 'values'?
2025-08-12T12:18:23.7753167Z ##[error]src/pages/admin/logs/index.vue(450,24): error TS2339: Property 'value' does not exist on type '{ level?: LogLevel[]; category?: LogCategory[]; action?: LogAction[]; user_id?: string; resource_type?: string; resource_id?: string; date_from?: string; date_to?: string; search?: string; ip_address?: string; session_id?: string; request_id?: string; }'.
2025-08-12T12:18:23.7756895Z ##[error]src/pages/admin/logs/index.vue(454,39): error TS2339: Property 'value' does not exist on type '{ level?: LogLevel[]; category?: LogCategory[]; action?: LogAction[]; user_id?: string; resource_type?: string; resource_id?: string; date_from?: string; date_to?: string; search?: string; ip_address?: string; session_id?: string; request_id?: string; }'.
2025-08-12T12:18:23.7760282Z ##[error]src/pages/admin/logs/index.vue(464,22): error TS2339: Property 'value' does not exist on type '{ level?: LogLevel[]; category?: LogCategory[]; action?: LogAction[]; user_id?: string; resource_type?: string; resource_id?: string; date_from?: string; date_to?: string; search?: string; ip_address?: string; session_id?: string; request_id?: string; }'.
2025-08-12T12:18:23.7763767Z ##[error]src/pages/admin/logs/index.vue(499,22): error TS2339: Property 'value' does not exist on type '{ level?: LogLevel[]; category?: LogCategory[]; action?: LogAction[]; user_id?: string; resource_type?: string; resource_id?: string; date_from?: string; date_to?: string; search?: string; ip_address?: string; session_id?: string; request_id?: string; }'.
2025-08-12T12:18:23.7767173Z ##[error]src/pages/admin/logs/index.vue(520,27): error TS2339: Property 'value' does not exist on type '{ level?: LogLevel[]; category?: LogCategory[]; action?: LogAction[]; user_id?: string; resource_type?: string; resource_id?: string; date_from?: string; date_to?: string; search?: string; ip_address?: string; session_id?: string; request_id?: string; }'.
2025-08-12T12:18:23.7769211Z ##[error]src/pages/admin/logs/index.vue(525,19): error TS2551: Property 'value' does not exist on type 'boolean'. Did you mean 'valueOf'?
2025-08-12T12:18:23.7770656Z ##[error]src/pages/admin/logs/index.vue(567,12): error TS2551: Property 'value' does not exist on type 'number'. Did you mean 'valueOf'?
2025-08-12T12:18:23.7772093Z ##[error]src/pages/admin/logs/index.vue(568,15): error TS2551: Property 'value' does not exist on type 'number'. Did you mean 'valueOf'?
2025-08-12T12:18:23.7775167Z ##[error]src/pages/admin/logs/index.vue(569,27): error TS2339: Property 'value' does not exist on type '{ level?: LogLevel[]; category?: LogCategory[]; action?: LogAction[]; user_id?: string; resource_type?: string; resource_id?: string; date_from?: string; date_to?: string; search?: string; ip_address?: string; session_id?: string; request_id?: string; }'.
2025-08-12T12:18:23.7777166Z ##[error]src/pages/admin/products/index.vue(41,65): error TS2322: Type 'boolean' is not assignable to type 'PropertyKey'.
2025-08-12T12:18:23.7778485Z ##[error]src/pages/admin/products/index.vue(72,52): error TS2339: Property 'title' does not exist on type 'TableColumn'.
2025-08-12T12:18:23.7779823Z ##[error]src/pages/admin/products/index.vue(86,14): error TS2322: Type 'TableColumn[]' is not assignable to type 'string[]'.
2025-08-12T12:18:23.7780733Z   Type 'TableColumn' is not assignable to type 'string'.
2025-08-12T12:18:23.7781861Z ##[error]src/pages/admin/products/index.vue(283,5): error TS2353: Object literal may only specify known properties, and 'title' does not exist in type 'TableColumn'.
2025-08-12T12:18:23.7783835Z ##[error]src/pages/admin/products/index.vue(289,5): error TS2353: Object literal may only specify known properties, and 'title' does not exist in type 'TableColumn'.
2025-08-12T12:18:23.7785643Z ##[error]src/pages/admin/products/index.vue(294,5): error TS2353: Object literal may only specify known properties, and 'title' does not exist in type 'TableColumn'.
2025-08-12T12:18:23.7787581Z ##[error]src/pages/admin/products/index.vue(299,5): error TS2353: Object literal may only specify known properties, and 'title' does not exist in type 'TableColumn'.
2025-08-12T12:18:23.7789341Z ##[error]src/pages/admin/products/index.vue(306,5): error TS2353: Object literal may only specify known properties, and 'title' does not exist in type 'TableColumn'.
2025-08-12T12:18:23.7791231Z ##[error]src/pages/admin/products/index.vue(312,5): error TS2353: Object literal may only specify known properties, and 'title' does not exist in type 'TableColumn'.
2025-08-12T12:18:23.7792987Z ##[error]src/pages/admin/products/index.vue(318,5): error TS2353: Object literal may only specify known properties, and 'title' does not exist in type 'TableColumn'.
2025-08-12T12:18:23.7794596Z ##[error]src/pages/admin/products/index.vue(331,14): error TS2339: Property 'title' does not exist on type 'TableColumn'.
2025-08-12T12:18:23.7797840Z ##[error]src/pages/admin/products/index.vue(511,46): error TS2339: Property 'exportProducts' does not exist on type 'Store<"products", Pick<{ products: Ref<{ id: string; name: string; model: string; category: string; categoryId?: string; price: number; unit: string; image?: string; image_url?: string; description?: string; is_active: boolean; ... 6 more ...; skus?: { ...; }[]; }[], Product[] | { ...; }[]>; ... 24 more ...; setPage...'.
2025-08-12T12:18:23.7801884Z ##[error]src/pages/admin/products/index.vue(570,25): error TS2339: Property 'batchUpdateStatus' does not exist on type 'Store<"products", Pick<{ products: Ref<{ id: string; name: string; model: string; category: string; categoryId?: string; price: number; unit: string; image?: string; image_url?: string; description?: string; is_active: boolean; ... 6 more ...; skus?: { ...; }[]; }[], Product[] | { ...; }[]>; ... 24 more ...; setPage...'.
2025-08-12T12:18:23.7806067Z ##[error]src/pages/admin/products/index.vue(597,25): error TS2339: Property 'batchUpdateStatus' does not exist on type 'Store<"products", Pick<{ products: Ref<{ id: string; name: string; model: string; category: string; categoryId?: string; price: number; unit: string; image?: string; image_url?: string; description?: string; is_active: boolean; ... 6 more ...; skus?: { ...; }[]; }[], Product[] | { ...; }[]>; ... 24 more ...; setPage...'.
2025-08-12T12:18:23.7810262Z ##[error]src/pages/admin/products/index.vue(677,29): error TS2551: Property 'batchDeleteProducts' does not exist on type 'Store<"products", Pick<{ products: Ref<{ id: string; name: string; model: string; category: string; categoryId?: string; price: number; unit: string; image?: string; image_url?: string; description?: string; is_active: boolean; ... 6 more ...; skus?: { ...; }[]; }[], Product[] | { ...; }[]>; ... 24 more ...; setPage...'. Did you mean 'deleteProduct'?
2025-08-12T12:18:23.7812683Z ##[error]src/pages/admin/products/virtual-demo.vue(108,60): error TS2345: Argument of type 'string | number' is not assignable to parameter of type 'string'.
2025-08-12T12:18:23.7813976Z   Type 'number' is not assignable to type 'string'.
2025-08-12T12:18:23.7814857Z ##[error]src/pages/admin/products/virtual-demo.vue(187,14): error TS2322: Type 'number' is not assignable to type 'string[]'.
2025-08-12T12:18:23.7817783Z ##[error]src/pages/admin/products/virtual-demo.vue(198,16): error TS2322: Type '({ type: string; key: string; title: string; width: string; align: "center"; flex?: undefined; sortable?: undefined; } | { type: string; key: string; title: string; flex: string; sortable: boolean; width?: undefined; align?: undefined; } | { ...; } | { ...; } | { ...; })[]' is not assignable to type 'TableColumn[]'.
2025-08-12T12:18:23.7820104Z   Type '{ type: string; key: string; title: string; width: string; align: "center"; flex?: undefined; sortable?: undefined; } | { type: string; key: string; title: string; flex: string; sortable: boolean; width?: undefined; align?: undefined; } | { ...; } | { ...; } | { ...; }' is not assignable to type 'TableColumn'.
2025-08-12T12:18:23.7821689Z     Property 'label' is missing in type '{ type: string; key: string; title: string; width: string; align: "center"; flex?: undefined; sortable?: undefined; }' but required in type 'TableColumn'.
2025-08-12T12:18:23.7823407Z ##[error]src/pages/admin/products/virtual-demo.vue(203,16): error TS2322: Type '(id: string | number, selected: boolean) => void' is not assignable to type '(selected: boolean, item: Record<string, any>) => any'.
2025-08-12T12:18:23.7824933Z   Types of parameters 'id' and 'selected' are incompatible.
2025-08-12T12:18:23.7825361Z     Type 'boolean' is not assignable to type 'string | number'.
2025-08-12T12:18:23.7826479Z ##[error]src/pages/admin/products/virtual-demo.vue(317,25): error TS2307: Cannot find module '@/layouts/AdminLayout.vue' or its corresponding type declarations.
2025-08-12T12:18:23.7828394Z ##[error]src/pages/admin/products/virtual-demo.vue(415,3): error TS2353: Object literal may only specify known properties, and 'pageSize' does not exist in type 'VirtualScrollingConfig'.
2025-08-12T12:18:23.7831716Z ##[error]src/pages/admin/products/virtual-demo.vue(500,23): error TS2339: Property 'setData' does not exist on type '{ state: { items: (TableItem & VirtualScrollItem)[]; total: number; loading: boolean; error: string; currentPage: number; pageSize: number; sortBy: string; sortOrder: "asc" | "desc"; filters: Record<...>; }; ... 32 more ...; getSelectedItems: (items: TableItem[]) => TableItem[]; } | { ...; }'.
2025-08-12T12:18:23.7834350Z   Property 'setData' does not exist on type '{ state: { items: (TableItem & VirtualScrollItem)[]; total: number; loading: boolean; error: string; currentPage: number; pageSize: number; sortBy: string; sortOrder: "asc" | "desc"; filters: Record<...>; }; ... 32 more ...; getSelectedItems: (items: TableItem[]) => TableItem[]; }'.
2025-08-12T12:18:23.7836680Z ##[error]src/pages/admin/quotes/detail.vue(11,8): error TS2345: Argument of type '{ class: string; onClick: (id?: string) => Promise<void>; }' is not assignable to parameter of type 'ButtonHTMLAttributes & ReservedProps & Record<string, unknown>'.
2025-08-12T12:18:23.7838097Z   Type '{ class: string; onClick: (id?: string) => Promise<void>; }' is not assignable to type 'ButtonHTMLAttributes'.
2025-08-12T12:18:23.7838614Z     Types of property 'onClick' are incompatible.
2025-08-12T12:18:23.7839101Z       Type '(id?: string) => Promise<void>' is not assignable to type '(payload: MouseEvent) => void'.
2025-08-12T12:18:23.7839591Z         Types of parameters 'id' and 'payload' are incompatible.
2025-08-12T12:18:23.7839988Z           Type 'MouseEvent' is not assignable to type 'string'.
2025-08-12T12:18:23.7840939Z ##[error]src/pages/admin/quotes/detail.vue(200,28): error TS2307: Cannot find module '@/types/quote' or its corresponding type declarations.
2025-08-12T12:18:23.7844473Z ##[error]src/pages/admin/quotes/detail.vue(235,36): error TS2551: Property 'fetchQuoteById' does not exist on type 'Store<"quotes", Pick<{ quotes: Ref<{ id: string; quote_no: string; quote_number?: string; customer_id: string; sales_id?: string; total_price: number; tax_amount?: number; final_amount?: number; status: "draft" | "pending" | "approved" | "rejected" | "completed"; ... 9 more ...; items?: { ...; }[]; }[], Quote[] | { ...'. Did you mean 'fetchQuote'?
2025-08-12T12:18:23.7848547Z ##[error]src/pages/admin/quotes/index.vue(9,53): error TS2339: Property 'totalCount' does not exist on type 'Store<"quotes", Pick<{ quotes: Ref<{ id: string; quote_no: string; quote_number?: string; customer_id: string; sales_id?: string; total_price: number; tax_amount?: number; final_amount?: number; status: "draft" | "pending" | "approved" | "rejected" | "completed"; ... 9 more ...; items?: { ...; }[]; }[], Quote[] | { ...'.
2025-08-12T12:18:23.7852510Z ##[error]src/pages/admin/quotes/index.vue(13,53): error TS2339: Property 'statistics' does not exist on type 'Store<"quotes", Pick<{ quotes: Ref<{ id: string; quote_no: string; quote_number?: string; customer_id: string; sales_id?: string; total_price: number; tax_amount?: number; final_amount?: number; status: "draft" | "pending" | "approved" | "rejected" | "completed"; ... 9 more ...; items?: { ...; }[]; }[], Quote[] | { ...'.
2025-08-12T12:18:23.7855129Z ##[error]src/pages/admin/quotes/index.vue(87,50): error TS2339: Property 'title' does not exist on type 'TableColumn'.
2025-08-12T12:18:23.7858565Z ##[error]src/pages/admin/quotes/index.vue(99,29): error TS2551: Property 'loading' does not exist on type 'Store<"quotes", Pick<{ quotes: Ref<{ id: string; quote_no: string; quote_number?: string; customer_id: string; sales_id?: string; total_price: number; tax_amount?: number; final_amount?: number; status: "draft" | "pending" | "approved" | "rejected" | "completed"; ... 9 more ...; items?: { ...; }[]; }[], Quote[] | { ...'. Did you mean 'isLoading'?
2025-08-12T12:18:23.7860667Z ##[error]src/pages/admin/quotes/index.vue(101,12): error TS2322: Type 'number' is not assignable to type 'string[]'.
2025-08-12T12:18:23.7864124Z ##[error]src/pages/admin/quotes/index.vue(145,30): error TS2551: Property 'loading' does not exist on type 'Store<"quotes", Pick<{ quotes: Ref<{ id: string; quote_no: string; quote_number?: string; customer_id: string; sales_id?: string; total_price: number; tax_amount?: number; final_amount?: number; status: "draft" | "pending" | "approved" | "rejected" | "completed"; ... 9 more ...; items?: { ...; }[]; }[], Quote[] | { ...'. Did you mean 'isLoading'?
2025-08-12T12:18:23.7868186Z ##[error]src/pages/admin/quotes/index.vue(153,30): error TS2339: Property 'totalCount' does not exist on type 'Store<"quotes", Pick<{ quotes: Ref<{ id: string; quote_no: string; quote_number?: string; customer_id: string; sales_id?: string; total_price: number; tax_amount?: number; final_amount?: number; status: "draft" | "pending" | "approved" | "rejected" | "completed"; ... 9 more ...; items?: { ...; }[]; }[], Quote[] | { ...'.
2025-08-12T12:18:23.7872167Z ##[error]src/pages/admin/quotes/index.vue(155,28): error TS2339: Property 'totalCount' does not exist on type 'Store<"quotes", Pick<{ quotes: Ref<{ id: string; quote_no: string; quote_number?: string; customer_id: string; sales_id?: string; total_price: number; tax_amount?: number; final_amount?: number; status: "draft" | "pending" | "approved" | "rejected" | "completed"; ... 9 more ...; items?: { ...; }[]; }[], Quote[] | { ...'.
2025-08-12T12:18:23.7874540Z ##[error]src/pages/admin/quotes/index.vue(219,28): error TS2307: Cannot find module '@/types/quote' or its corresponding type declarations.
2025-08-12T12:18:23.7876210Z ##[error]src/pages/admin/quotes/index.vue(257,5): error TS2353: Object literal may only specify known properties, and 'title' does not exist in type 'TableColumn'.
2025-08-12T12:18:23.7877960Z ##[error]src/pages/admin/quotes/index.vue(263,5): error TS2353: Object literal may only specify known properties, and 'title' does not exist in type 'TableColumn'.
2025-08-12T12:18:23.7879714Z ##[error]src/pages/admin/quotes/index.vue(268,5): error TS2353: Object literal may only specify known properties, and 'title' does not exist in type 'TableColumn'.
2025-08-12T12:18:23.7881454Z ##[error]src/pages/admin/quotes/index.vue(273,5): error TS2353: Object literal may only specify known properties, and 'title' does not exist in type 'TableColumn'.
2025-08-12T12:18:23.7883190Z ##[error]src/pages/admin/quotes/index.vue(280,5): error TS2353: Object literal may only specify known properties, and 'title' does not exist in type 'TableColumn'.
2025-08-12T12:18:23.7885071Z ##[error]src/pages/admin/quotes/index.vue(286,5): error TS2353: Object literal may only specify known properties, and 'title' does not exist in type 'TableColumn'.
2025-08-12T12:18:23.7886537Z ##[error]src/pages/admin/quotes/index.vue(295,14): error TS2339: Property 'title' does not exist on type 'TableColumn'.
2025-08-12T12:18:23.7889754Z ##[error]src/pages/admin/quotes/index.vue(335,57): error TS2339: Property 'totalCount' does not exist on type 'Store<"quotes", Pick<{ quotes: Ref<{ id: string; quote_no: string; quote_number?: string; customer_id: string; sales_id?: string; total_price: number; tax_amount?: number; final_amount?: number; status: "draft" | "pending" | "approved" | "rejected" | "completed"; ... 9 more ...; items?: { ...; }[]; }[], Quote[] | { ...'.
2025-08-12T12:18:23.7892652Z ##[error]src/pages/admin/quotes/index.vue(481,7): error TS2353: Object literal may only specify known properties, and 'quoteIds' does not exist in type '{ startDate: string; endDate: string; status?: string; }'.
2025-08-12T12:18:23.7896837Z ##[error]src/pages/admin/quotes/index.vue(516,23): error TS2551: Property 'batchApproveQuotes' does not exist on type 'Store<"quotes", Pick<{ quotes: Ref<{ id: string; quote_no: string; quote_number?: string; customer_id: string; sales_id?: string; total_price: number; tax_amount?: number; final_amount?: number; status: "draft" | "pending" | "approved" | "rejected" | "completed"; ... 9 more ...; items?: { ...; }[]; }[], Quote[] | { ...'. Did you mean 'approvedQuotes'?
2025-08-12T12:18:23.7901230Z ##[error]src/pages/admin/settings/components/AppearanceSettings.vue(699,25): error TS2551: Property 'updateSettings' does not exist on type 'Store<"settings", Pick<{ settings: Ref<{ id: string; category: SettingsCategory; key: string; value: any; label: string; description?: string; type: SettingsType; options?: { ...; }[]; ... 6 more ...; created_at: string; }[], SystemSettings[] | { ...; }[]>; ... 26 more ...; getSettingValue: <T = any>(key: string, de...'. Did you mean 'updateSetting'?
2025-08-12T12:18:23.7906009Z ##[error]src/pages/admin/settings/components/AppearanceSettings.vue(716,46): error TS2551: Property 'getSettingsByCategory' does not exist on type 'Store<"settings", Pick<{ settings: Ref<{ id: string; category: SettingsCategory; key: string; value: any; label: string; description?: string; type: SettingsType; options?: { ...; }[]; ... 6 more ...; created_at: string; }[], SystemSettings[] | { ...; }[]>; ... 26 more ...; getSettingValue: <T = any>(key: string, de...'. Did you mean 'settingsByCategory'?
2025-08-12T12:18:23.7909297Z ##[error]src/pages/admin/settings/components/BackupSettings.vue(630,11): error TS2322: Type '{ category: "backup"; key: string; value: string | number | boolean | string[]; type: "string" | "number" | "boolean" | "array"; }[]' is not assignable to type 'Partial<SystemSettings>[]'.
2025-08-12T12:18:23.7911277Z   Type '{ category: "backup"; key: string; value: string | number | boolean | string[]; type: "string" | "number" | "boolean" | "array"; }' is not assignable to type 'Partial<SystemSettings>'.
2025-08-12T12:18:23.7912052Z     Types of property 'type' are incompatible.
2025-08-12T12:18:23.7912622Z       Type '"string" | "number" | "boolean" | "array"' is not assignable to type 'SettingsType'.
2025-08-12T12:18:23.7913231Z         Type '"array"' is not assignable to type 'SettingsType'.
2025-08-12T12:18:23.7916574Z ##[error]src/pages/admin/settings/components/BackupSettings.vue(646,25): error TS2551: Property 'updateSettings' does not exist on type 'Store<"settings", Pick<{ settings: Ref<{ id: string; category: SettingsCategory; key: string; value: any; label: string; description?: string; type: SettingsType; options?: { ...; }[]; ... 6 more ...; created_at: string; }[], SystemSettings[] | { ...; }[]>; ... 26 more ...; getSettingValue: <T = any>(key: string, de...'. Did you mean 'updateSetting'?
2025-08-12T12:18:23.7921438Z ##[error]src/pages/admin/settings/components/BackupSettings.vue(726,42): error TS2551: Property 'getSettingsByCategory' does not exist on type 'Store<"settings", Pick<{ settings: Ref<{ id: string; category: SettingsCategory; key: string; value: any; label: string; description?: string; type: SettingsType; options?: { ...; }[]; ... 6 more ...; created_at: string; }[], SystemSettings[] | { ...; }[]>; ... 26 more ...; getSettingValue: <T = any>(key: string, de...'. Did you mean 'settingsByCategory'?
2025-08-12T12:18:23.7926389Z ##[error]src/pages/admin/settings/components/BusinessRulesSettings.vue(565,25): error TS2551: Property 'updateSettings' does not exist on type 'Store<"settings", Pick<{ settings: Ref<{ id: string; category: SettingsCategory; key: string; value: any; label: string; description?: string; type: SettingsType; options?: { ...; }[]; ... 6 more ...; created_at: string; }[], SystemSettings[] | { ...; }[]>; ... 26 more ...; getSettingValue: <T = any>(key: string, de...'. Did you mean 'updateSetting'?
2025-08-12T12:18:23.7931584Z ##[error]src/pages/admin/settings/components/BusinessRulesSettings.vue(582,44): error TS2551: Property 'getSettingsByCategory' does not exist on type 'Store<"settings", Pick<{ settings: Ref<{ id: string; category: SettingsCategory; key: string; value: any; label: string; description?: string; type: SettingsType; options?: { ...; }[]; ... 6 more ...; created_at: string; }[], SystemSettings[] | { ...; }[]>; ... 26 more ...; getSettingValue: <T = any>(key: string, de...'. Did you mean 'settingsByCategory'?
2025-08-12T12:18:23.7936746Z ##[error]src/pages/admin/settings/components/GeneralSettings.vue(401,25): error TS2551: Property 'updateSettings' does not exist on type 'Store<"settings", Pick<{ settings: Ref<{ id: string; category: SettingsCategory; key: string; value: any; label: string; description?: string; type: SettingsType; options?: { ...; }[]; ... 6 more ...; created_at: string; }[], SystemSettings[] | { ...; }[]>; ... 26 more ...; getSettingValue: <T = any>(key: string, de...'. Did you mean 'updateSetting'?
2025-08-12T12:18:23.7941600Z ##[error]src/pages/admin/settings/components/GeneralSettings.vue(418,43): error TS2551: Property 'getSettingsByCategory' does not exist on type 'Store<"settings", Pick<{ settings: Ref<{ id: string; category: SettingsCategory; key: string; value: any; label: string; description?: string; type: SettingsType; options?: { ...; }[]; ... 6 more ...; created_at: string; }[], SystemSettings[] | { ...; }[]>; ... 26 more ...; getSettingValue: <T = any>(key: string, de...'. Did you mean 'settingsByCategory'?
2025-08-12T12:18:23.7945459Z ##[error]src/pages/admin/settings/components/IntegrationSettings.vue(744,11): error TS2322: Type '{ category: "integration"; key: string; value: string | number | boolean | string[]; type: "string" | "number" | "boolean" | "array"; }[]' is not assignable to type 'Partial<SystemSettings>[]'.
2025-08-12T12:18:23.7947433Z   Type '{ category: "integration"; key: string; value: string | number | boolean | string[]; type: "string" | "number" | "boolean" | "array"; }' is not assignable to type 'Partial<SystemSettings>'.
2025-08-12T12:18:23.7948343Z     Types of property 'type' are incompatible.
2025-08-12T12:18:23.7948860Z       Type '"string" | "number" | "boolean" | "array"' is not assignable to type 'SettingsType'.
2025-08-12T12:18:23.7949408Z         Type '"array"' is not assignable to type 'SettingsType'.
2025-08-12T12:18:23.7952594Z ##[error]src/pages/admin/settings/components/IntegrationSettings.vue(760,25): error TS2551: Property 'updateSettings' does not exist on type 'Store<"settings", Pick<{ settings: Ref<{ id: string; category: SettingsCategory; key: string; value: any; label: string; description?: string; type: SettingsType; options?: { ...; }[]; ... 6 more ...; created_at: string; }[], SystemSettings[] | { ...; }[]>; ... 26 more ...; getSettingValue: <T = any>(key: string, de...'. Did you mean 'updateSetting'?
2025-08-12T12:18:23.7957591Z ##[error]src/pages/admin/settings/components/IntegrationSettings.vue(833,47): error TS2551: Property 'getSettingsByCategory' does not exist on type 'Store<"settings", Pick<{ settings: Ref<{ id: string; category: SettingsCategory; key: string; value: any; label: string; description?: string; type: SettingsType; options?: { ...; }[]; ... 6 more ...; created_at: string; }[], SystemSettings[] | { ...; }[]>; ... 26 more ...; getSettingValue: <T = any>(key: string, de...'. Did you mean 'settingsByCategory'?
2025-08-12T12:18:23.7961168Z ##[error]src/pages/admin/settings/components/MaintenanceSettings.vue(637,11): error TS2322: Type '{ category: "maintenance"; key: string; value: string | number | boolean | string[]; type: "string" | "number" | "boolean" | "array"; }[]' is not assignable to type 'Partial<SystemSettings>[]'.
2025-08-12T12:18:23.7963259Z   Type '{ category: "maintenance"; key: string; value: string | number | boolean | string[]; type: "string" | "number" | "boolean" | "array"; }' is not assignable to type 'Partial<SystemSettings>'.
2025-08-12T12:18:23.7964422Z     Types of property 'type' are incompatible.
2025-08-12T12:18:23.7964964Z       Type '"string" | "number" | "boolean" | "array"' is not assignable to type 'SettingsType'.
2025-08-12T12:18:23.7965582Z         Type '"array"' is not assignable to type 'SettingsType'.
2025-08-12T12:18:23.7968763Z ##[error]src/pages/admin/settings/components/MaintenanceSettings.vue(653,25): error TS2551: Property 'updateSettings' does not exist on type 'Store<"settings", Pick<{ settings: Ref<{ id: string; category: SettingsCategory; key: string; value: any; label: string; description?: string; type: SettingsType; options?: { ...; }[]; ... 6 more ...; created_at: string; }[], SystemSettings[] | { ...; }[]>; ... 26 more ...; getSettingValue: <T = any>(key: string, de...'. Did you mean 'updateSetting'?
2025-08-12T12:18:23.8019050Z ##[error]src/pages/admin/settings/components/MaintenanceSettings.vue(746,47): error TS2551: Property 'getSettingsByCategory' does not exist on type 'Store<"settings", Pick<{ settings: Ref<{ id: string; category: SettingsCategory; key: string; value: any; label: string; description?: string; type: SettingsType; options?: { ...; }[]; ... 6 more ...; created_at: string; }[], SystemSettings[] | { ...; }[]>; ... 26 more ...; getSettingValue: <T = any>(key: string, de...'. Did you mean 'settingsByCategory'?
2025-08-12T12:18:23.8024182Z ##[error]src/pages/admin/settings/components/NotificationSettings.vue(612,25): error TS2551: Property 'updateSettings' does not exist on type 'Store<"settings", Pick<{ settings: Ref<{ id: string; category: SettingsCategory; key: string; value: any; label: string; description?: string; type: SettingsType; options?: { ...; }[]; ... 6 more ...; created_at: string; }[], SystemSettings[] | { ...; }[]>; ... 26 more ...; getSettingValue: <T = any>(key: string, de...'. Did you mean 'updateSetting'?
2025-08-12T12:18:23.8028848Z ##[error]src/pages/admin/settings/components/NotificationSettings.vue(668,48): error TS2551: Property 'getSettingsByCategory' does not exist on type 'Store<"settings", Pick<{ settings: Ref<{ id: string; category: SettingsCategory; key: string; value: any; label: string; description?: string; type: SettingsType; options?: { ...; }[]; ... 6 more ...; created_at: string; }[], SystemSettings[] | { ...; }[]>; ... 26 more ...; getSettingValue: <T = any>(key: string, de...'. Did you mean 'settingsByCategory'?
2025-08-12T12:18:23.8032126Z ##[error]src/pages/admin/settings/components/SecuritySettings.vue(526,11): error TS2322: Type '{ category: "security"; key: string; value: string | number | boolean | string[]; type: "string" | "number" | "boolean" | "array"; }[]' is not assignable to type 'Partial<SystemSettings>[]'.
2025-08-12T12:18:23.8033979Z   Type '{ category: "security"; key: string; value: string | number | boolean | string[]; type: "string" | "number" | "boolean" | "array"; }' is not assignable to type 'Partial<SystemSettings>'.
2025-08-12T12:18:23.8034696Z     Types of property 'type' are incompatible.
2025-08-12T12:18:23.8035157Z       Type '"string" | "number" | "boolean" | "array"' is not assignable to type 'SettingsType'.
2025-08-12T12:18:23.8035642Z         Type '"array"' is not assignable to type 'SettingsType'.
2025-08-12T12:18:23.8038637Z ##[error]src/pages/admin/settings/components/SecuritySettings.vue(542,25): error TS2551: Property 'updateSettings' does not exist on type 'Store<"settings", Pick<{ settings: Ref<{ id: string; category: SettingsCategory; key: string; value: any; label: string; description?: string; type: SettingsType; options?: { ...; }[]; ... 6 more ...; created_at: string; }[], SystemSettings[] | { ...; }[]>; ... 26 more ...; getSettingValue: <T = any>(key: string, de...'. Did you mean 'updateSetting'?
2025-08-12T12:18:23.8043403Z ##[error]src/pages/admin/settings/components/SecuritySettings.vue(559,44): error TS2551: Property 'getSettingsByCategory' does not exist on type 'Store<"settings", Pick<{ settings: Ref<{ id: string; category: SettingsCategory; key: string; value: any; label: string; description?: string; type: SettingsType; options?: { ...; }[]; ... 6 more ...; created_at: string; }[], SystemSettings[] | { ...; }[]>; ... 26 more ...; getSettingValue: <T = any>(key: string, de...'. Did you mean 'settingsByCategory'?
2025-08-12T12:18:23.8046256Z ##[error]src/pages/admin/settings/index.vue(355,53): error TS2551: Property 'value' does not exist on type 'SystemSettings[]'. Did you mean 'values'?
2025-08-12T12:18:23.8047794Z ##[error]src/pages/admin/settings/index.vue(363,25): error TS2551: Property 'value' does not exist on type 'boolean'. Did you mean 'valueOf'?
2025-08-12T12:18:23.8050859Z ##[error]src/pages/admin/settings/index.vue(380,30): error TS2551: Property 'value' does not exist on type '{ id: string; category: SettingsCategory; key: string; value: any; label: string; description?: string; type: SettingsType; options?: { value: any; label: string; description?: string; disabled?: boolean; }[]; ... 6 more ...; created_at: string; }[]'. Did you mean 'values'?
2025-08-12T12:18:23.8053086Z ##[error]src/pages/admin/settings/index.vue(386,39): error TS2551: Property 'value' does not exist on type 'SettingsCategory'. Did you mean 'valueOf'?
2025-08-12T12:18:23.8054384Z   Property 'value' does not exist on type '"business"'.
2025-08-12T12:18:23.8055521Z ##[error]src/pages/admin/settings/index.vue(491,53): error TS2339: Property 'value' does not exist on type '{ title: string; description: string; icon: string; }'.
2025-08-12T12:18:23.8057185Z ##[error]src/pages/admin/settings/index.vue(493,43): error TS2551: Property 'value' does not exist on type 'SettingsCategory'. Did you mean 'valueOf'?
2025-08-12T12:18:23.8058162Z   Property 'value' does not exist on type '"business"'.
2025-08-12T12:18:23.8060055Z ##[error]src/pages/admin/settings/index.vue(657,9): error TS2739: Type '{ security: string; business: string; integration: string; backup: string; }' is missing the following properties from type 'Record<SettingsCategory, string>': maintenance, general, notification, appearance
2025-08-12T12:18:23.8063796Z ##[error]src/pages/admin/settings/index.vue(670,9): error TS2739: Type '{ security: { key: string; label: string; }[]; business: { key: string; label: string; }[]; integration: { key: string; label: string; }[]; backup: { key: string; label: string; }[]; }' is missing the following properties from type 'Record<SettingsCategory, { key: string; label: string; }[]>': maintenance, general, notification, appearance
2025-08-12T12:18:23.8065787Z ##[error]src/pages/admin/settings/index.vue(692,7): error TS2769: No overload matches this call.
2025-08-12T12:18:23.8066585Z   The last overload gave the following error.
2025-08-12T12:18:23.8067012Z     Argument of type 'string' is not assignable to parameter of type 'object'.
2025-08-12T12:18:23.8067454Z       Type 'string' is not assignable to type 'object'.
2025-08-12T12:18:23.8068541Z ##[error]src/pages/admin/settings/index.vue(694,43): error TS2339: Property 'value' does not exist on type '{ title: string; description: string; icon: string; }'.
2025-08-12T12:18:23.8070336Z ##[error]src/pages/admin/system/permission-performance-demo.vue(365,25): error TS2307: Cannot find module '@/layouts/AdminLayout.vue' or its corresponding type declarations.
2025-08-12T12:18:23.8071902Z ##[error]src/pages/admin/system/production-config.vue(147,50): error TS2339: Property 'detail' does not exist on type 'Event'.
2025-08-12T12:18:23.8073288Z ##[error]src/pages/admin/system/production-config.vue(206,62): error TS2339: Property 'detail' does not exist on type 'Event'.
2025-08-12T12:18:23.8074811Z ##[error]src/pages/admin/system/production-config.vue(215,58): error TS2339: Property 'detail' does not exist on type 'Event'.
2025-08-12T12:18:23.8076376Z ##[error]src/pages/admin/system/production-config.vue(231,61): error TS2339: Property 'detail' does not exist on type 'Event'.
2025-08-12T12:18:23.8077746Z ##[error]src/pages/admin/system/production-config.vue(240,59): error TS2339: Property 'detail' does not exist on type 'Event'.
2025-08-12T12:18:23.8079114Z ##[error]src/pages/admin/system/production-config.vue(288,66): error TS2339: Property 'detail' does not exist on type 'Event'.
2025-08-12T12:18:23.8080609Z ##[error]src/pages/admin/system/production-config.vue(333,74): error TS2339: Property 'detail' does not exist on type 'Event'.
2025-08-12T12:18:23.8081975Z ##[error]src/pages/admin/system/production-config.vue(354,66): error TS2339: Property 'detail' does not exist on type 'Event'.
2025-08-12T12:18:23.8083336Z ##[error]src/pages/admin/system/production-config.vue(382,77): error TS2339: Property 'detail' does not exist on type 'Event'.
2025-08-12T12:18:23.8084842Z ##[error]src/pages/admin/system/production-config.vue(391,71): error TS2339: Property 'detail' does not exist on type 'Event'.
2025-08-12T12:18:23.8086210Z ##[error]src/pages/admin/system/production-config.vue(427,68): error TS2339: Property 'detail' does not exist on type 'Event'.
2025-08-12T12:18:23.8087574Z ##[error]src/pages/admin/system/production-config.vue(436,66): error TS2339: Property 'detail' does not exist on type 'Event'.
2025-08-12T12:18:23.8088940Z ##[error]src/pages/admin/system/production-config.vue(452,71): error TS2339: Property 'detail' does not exist on type 'Event'.
2025-08-12T12:18:23.8090312Z ##[error]src/pages/admin/system/production-config.vue(461,67): error TS2339: Property 'detail' does not exist on type 'Event'.
2025-08-12T12:18:23.8092253Z ##[error]src/pages/admin/system/production-config.vue(470,73): error TS2339: Property 'detail' does not exist on type 'Event'.
2025-08-12T12:18:23.8094275Z ##[error]src/pages/admin/system/production-config.vue(479,65): error TS2339: Property 'detail' does not exist on type 'Event'.
2025-08-12T12:18:23.8095712Z ##[error]src/pages/admin/system/production-config.vue(488,71): error TS2339: Property 'detail' does not exist on type 'Event'.
2025-08-12T12:18:23.8097388Z ##[error]src/pages/admin/system/production-config.vue(556,25): error TS2307: Cannot find module '@/layouts/AdminLayout.vue' or its corresponding type declarations.
2025-08-12T12:18:23.8098841Z ##[error]src/pages/admin/users/index.vue(614,7): error TS2322: Type 'string' is not assignable to type 'UserRole'.
2025-08-12T12:18:23.8100116Z ##[error]src/pages/admin/users/index.vue(615,7): error TS2322: Type 'string' is not assignable to type 'UserStatus'.
2025-08-12T12:18:23.8101496Z ##[error]src/pages/sales/history/index.vue(42,24): error TS2322: Type '"mini"' is not assignable to type '"small" | "medium" | "large"'.
2025-08-12T12:18:23.8103128Z ##[error]src/pages/sales/history/index.vue(42,36): error TS2322: Type '"plain"' is not assignable to type '"success" | "default" | "primary" | "warning" | "danger"'.
2025-08-12T12:18:23.8104908Z ##[error]src/pages/sales/history/index.vue(85,15): error TS2322: Type 'number' is not assignable to type 'string'.
2025-08-12T12:18:23.8106238Z ##[error]src/pages/sales/history/index.vue(93,15): error TS2322: Type 'number' is not assignable to type 'string'.
2025-08-12T12:18:23.8107625Z ##[error]src/pages/sales/history/index.vue(201,30): error TS2322: Type '"mini"' is not assignable to type '"small" | "medium" | "large"'.
2025-08-12T12:18:23.8109227Z ##[error]src/pages/sales/history/index.vue(201,42): error TS2322: Type '"plain"' is not assignable to type '"success" | "default" | "primary" | "warning" | "danger"'.
2025-08-12T12:18:23.8110719Z ##[error]src/pages/sales/history/index.vue(204,30): error TS2322: Type '"mini"' is not assignable to type '"small" | "medium" | "large"'.
2025-08-12T12:18:23.8112311Z ##[error]src/pages/sales/history/index.vue(204,42): error TS2322: Type '"plain"' is not assignable to type '"success" | "default" | "primary" | "warning" | "danger"'.
2025-08-12T12:18:23.8114112Z ##[error]src/pages/sales/history/index.vue(207,30): error TS2322: Type '"mini"' is not assignable to type '"small" | "medium" | "large"'.
2025-08-12T12:18:23.8115995Z ##[error]src/pages/sales/history/index.vue(207,42): error TS2322: Type '"plain"' is not assignable to type '"success" | "default" | "primary" | "warning" | "danger"'.
2025-08-12T12:18:23.8117539Z ##[error]src/pages/sales/quote/create-backup.vue(81,17): error TS2322: Type '"mini"' is not assignable to type '"small" | "medium" | "large"'.
2025-08-12T12:18:23.8119320Z ##[error]src/pages/sales/quote/create-backup.vue(82,17): error TS2322: Type '"plain"' is not assignable to type '"success" | "default" | "primary" | "warning" | "danger"'.
2025-08-12T12:18:23.8120969Z ##[error]src/pages/sales/quote/create-backup.vue(94,13): error TS2322: Type '"email"' is not assignable to type '"number" | "text" | "tel" | "digit" | "idcard"'.
2025-08-12T12:18:23.8122478Z ##[error]src/pages/sales/quote/create-backup.vue(142,17): error TS2322: Type '"mini"' is not assignable to type '"small" | "medium" | "large"'.
2025-08-12T12:18:23.8124441Z ##[error]src/pages/sales/quote/create-backup.vue(143,17): error TS2322: Type '"plain"' is not assignable to type '"success" | "default" | "primary" | "warning" | "danger"'.
2025-08-12T12:18:23.8125947Z ##[error]src/pages/sales/quote/create-backup.vue(289,15): error TS2322: Type 'number' is not assignable to type 'string'.
2025-08-12T12:18:23.8127264Z ##[error]src/pages/sales/quote/create-backup.vue(321,17): error TS2322: Type 'number' is not assignable to type 'string'.
2025-08-12T12:18:23.8129145Z ##[error]src/pages/sales/quote/create-backup.vue(356,15): error TS2322: Type 'number' is not assignable to type 'string'.
2025-08-12T12:18:23.8130523Z ##[error]src/pages/sales/quote/create-backup.vue(364,15): error TS2322: Type 'number' is not assignable to type 'string'.
2025-08-12T12:18:23.8131968Z ##[error]src/pages/sales/quote/create-backup.vue(382,21): error TS2322: Type '"mini"' is not assignable to type '"small" | "medium" | "large"'.
2025-08-12T12:18:23.8133462Z ##[error]src/pages/sales/quote/create-backup.vue(394,21): error TS2322: Type '"mini"' is not assignable to type '"small" | "medium" | "large"'.
2025-08-12T12:18:23.8135239Z ##[error]src/pages/sales/quote/create-backup.vue(405,21): error TS2322: Type 'number' is not assignable to type 'string'.
2025-08-12T12:18:23.8136664Z ##[error]src/pages/sales/quote/create-backup.vue(410,32): error TS2322: Type '"mini"' is not assignable to type '"small" | "medium" | "large"'.
2025-08-12T12:18:23.8138320Z ##[error]src/pages/sales/quote/create-backup.vue(417,26): error TS2322: Type '"plain"' is not assignable to type '"success" | "default" | "primary" | "warning" | "danger"'.
2025-08-12T12:18:23.8139754Z ##[error]src/pages/sales/quote/create-backup.vue(440,15): error TS2322: Type 'number' is not assignable to type 'string'.
2025-08-12T12:18:23.8141542Z ##[error]src/pages/sales/quote/create-backup.vue(601,3): error TS2739: Type '{ id: string; name: string; }' is missing the following properties from type 'Category': is_active, created_at, updated_at
2025-08-12T12:18:23.8143778Z ##[error]src/pages/sales/quote/create-backup.vue(602,3): error TS2739: Type '{ id: string; name: string; }' is missing the following properties from type 'Category': is_active, created_at, updated_at
2025-08-12T12:18:23.8145843Z ##[error]src/pages/sales/quote/create-backup.vue(603,3): error TS2739: Type '{ id: string; name: string; }' is missing the following properties from type 'Category': is_active, created_at, updated_at
2025-08-12T12:18:23.8147838Z ##[error]src/pages/sales/quote/create-backup.vue(604,3): error TS2739: Type '{ id: string; name: string; }' is missing the following properties from type 'Category': is_active, created_at, updated_at
2025-08-12T12:18:23.8149813Z ##[error]src/pages/sales/quote/create-backup.vue(605,3): error TS2739: Type '{ id: string; name: string; }' is missing the following properties from type 'Category': is_active, created_at, updated_at
2025-08-12T12:18:23.8153335Z ##[error]src/pages/sales/quote/create-backup.vue(1191,50): error TS2345: Argument of type '{ customer: { name: string; phone: string; wechat: string; email: string; province: string; city: string; address: string; type: string; remark: string; saveToAddressBook: boolean; }; items: { product_id: string; ... 6 more ...; total_price: number; }[]; pricing: { ...; }; quote: { ...; }; images: any[]; }' is not assignable to parameter of type 'CreateQuoteRequest'.
2025-08-12T12:18:23.8155655Z   Types of property 'items' are incompatible.
2025-08-12T12:18:23.8157188Z     Type '{ product_id: string; product_name: string; product_model: string; sku_id: string; sku_name: string; quantity: number; unit_price: number; total_price: number; }[]' is not assignable to type '{ product_id?: string; product_sku_id?: string; accessory_id?: string; type: "product" | "accessory"; name: string; model?: string; spec?: string; unit_price: number; quantity: number; total_price: number; image_url?: string; }[]'.
2025-08-12T12:18:23.8159829Z       Type '{ product_id: string; product_name: string; product_model: string; sku_id: string; sku_name: string; quantity: number; unit_price: number; total_price: number; }' is missing the following properties from type '{ product_id?: string; product_sku_id?: string; accessory_id?: string; type: "product" | "accessory"; name: string; model?: string; spec?: string; unit_price: number; quantity: number; total_price: number; image_url?: string; }': type, name
2025-08-12T12:18:23.8162046Z ##[error]src/pages/sales/quote/preview.vue(256,22): error TS2322: Type '"plain"' is not assignable to type '"success" | "default" | "primary" | "warning" | "danger"'.
2025-08-12T12:18:23.8163857Z ##[error]src/pages/sales/quote/preview.vue(341,17): error TS2552: Cannot find name 'getCurrentPages'. Did you mean 'currentPage'?
2025-08-12T12:18:23.8167866Z ##[error]src/pages/sales/settings/index.vue(50,16): error TS2345: Argument of type '{ value: string; options: { label: string; value: string; }[]; onChange: any; }' is not assignable to parameter of type '{ readonly modelValue: any; readonly options: string[] | number[] | Option[]; readonly label?: string; readonly placeholder?: string; readonly required?: boolean; readonly disabled?: boolean; ... 6 more ...; readonly "onUpdate:modelValue"?: (value: any) => any; } & VNodeProps & AllowedComponentProps & ComponentCusto...'.
2025-08-12T12:18:23.8171006Z   Property 'modelValue' is missing in type '{ value: string; options: { label: string; value: string; }[]; onChange: any; }' but required in type '{ readonly modelValue: any; readonly options: string[] | number[] | Option[]; readonly label?: string; readonly placeholder?: string; readonly required?: boolean; readonly disabled?: boolean; ... 6 more ...; readonly "onUpdate:modelValue"?: (value: any) => any; }'.
2025-08-12T12:18:23.8175521Z ##[error]src/pages/sales/settings/index.vue(63,16): error TS2345: Argument of type '{ value: string; options: { label: string; value: string; }[]; onChange: any; }' is not assignable to parameter of type '{ readonly modelValue: any; readonly options: string[] | number[] | Option[]; readonly label?: string; readonly placeholder?: string; readonly required?: boolean; readonly disabled?: boolean; ... 6 more ...; readonly "onUpdate:modelValue"?: (value: any) => any; } & VNodeProps & AllowedComponentProps & ComponentCusto...'.
2025-08-12T12:18:23.8178804Z   Property 'modelValue' is missing in type '{ value: string; options: { label: string; value: string; }[]; onChange: any; }' but required in type '{ readonly modelValue: any; readonly options: string[] | number[] | Option[]; readonly label?: string; readonly placeholder?: string; readonly required?: boolean; readonly disabled?: boolean; ... 6 more ...; readonly "onUpdate:modelValue"?: (value: any) => any; }'.
2025-08-12T12:18:23.8185911Z ##[error]src/pages/sales/settings/index.vue(76,16): error TS2345: Argument of type '{ value: string; options: { label: string; value: string; }[]; onChange: any; }' is not assignable to parameter of type '{ readonly modelValue: any; readonly options: string[] | number[] | Option[]; readonly label?: string; readonly placeholder?: string; readonly required?: boolean; readonly disabled?: boolean; ... 6 more ...; readonly "onUpdate:modelValue"?: (value: any) => any; } & VNodeProps & AllowedComponentProps & ComponentCusto...'.
2025-08-12T12:18:23.8189359Z   Property 'modelValue' is missing in type '{ value: string; options: { label: string; value: string; }[]; onChange: any; }' but required in type '{ readonly modelValue: any; readonly options: string[] | number[] | Option[]; readonly label?: string; readonly placeholder?: string; readonly required?: boolean; readonly disabled?: boolean; ... 6 more ...; readonly "onUpdate:modelValue"?: (value: any) => any; }'.
2025-08-12T12:18:23.8194055Z ##[error]src/pages/sales/settings/index.vue(99,16): error TS2345: Argument of type '{ value: string; placeholder: string; onInput: any; }' is not assignable to parameter of type '{ readonly modelValue: string; readonly label?: string; readonly placeholder?: string; readonly required?: boolean; readonly type?: "number" | "text" | "tel" | "digit" | "idcard"; readonly maxlength?: number; ... 5 more ...; readonly "onUpdate:modelValue"?: (value: string) => any; } & VNodeProps & AllowedComponentPr...'.
2025-08-12T12:18:23.8197306Z   Property 'modelValue' is missing in type '{ value: string; placeholder: string; onInput: any; }' but required in type '{ readonly modelValue: string; readonly label?: string; readonly placeholder?: string; readonly required?: boolean; readonly type?: "number" | "text" | "tel" | "digit" | "idcard"; readonly maxlength?: number; ... 5 more ...; readonly "onUpdate:modelValue"?: (value: string) => any; }'.
2025-08-12T12:18:23.8201692Z ##[error]src/pages/sales/settings/index.vue(112,16): error TS2345: Argument of type '{ value: string; options: { label: string; value: string; }[]; onChange: any; }' is not assignable to parameter of type '{ readonly modelValue: any; readonly options: string[] | number[] | Option[]; readonly label?: string; readonly placeholder?: string; readonly required?: boolean; readonly disabled?: boolean; ... 6 more ...; readonly "onUpdate:modelValue"?: (value: any) => any; } & VNodeProps & AllowedComponentProps & ComponentCusto...'.
2025-08-12T12:18:23.8205080Z   Property 'modelValue' is missing in type '{ value: string; options: { label: string; value: string; }[]; onChange: any; }' but required in type '{ readonly modelValue: any; readonly options: string[] | number[] | Option[]; readonly label?: string; readonly placeholder?: string; readonly required?: boolean; readonly disabled?: boolean; ... 6 more ...; readonly "onUpdate:modelValue"?: (value: any) => any; }'.
2025-08-12T12:18:23.8206915Z ##[error]src/pages/sales/settings/index.vue(127,67): error TS2339: Property 'detail' does not exist on type 'Event'.
2025-08-12T12:18:23.8208790Z ##[error]src/pages/sales/settings/index.vue(210,38): error TS2322: Type '"outline"' is not assignable to type '"success" | "default" | "primary" | "warning" | "danger"'.
2025-08-12T12:18:23.8210537Z ##[error]src/pages/sales/settings/index.vue(212,38): error TS2322: Type '"outline"' is not assignable to type '"success" | "default" | "primary" | "warning" | "danger"'.
2025-08-12T12:18:23.8212264Z ##[error]src/pages/sales/settings/index.vue(241,38): error TS2322: Type '"outline"' is not assignable to type '"success" | "default" | "primary" | "warning" | "danger"'.
2025-08-12T12:18:23.8214082Z ##[error]src/pages/sales/settings/index.vue(256,34): error TS2322: Type '"outline"' is not assignable to type '"success" | "default" | "primary" | "warning" | "danger"'.
2025-08-12T12:18:23.8217008Z ##[error]src/pages/sales/settings/index.vue(405,7): error TS2353: Object literal may only specify known properties, and 'preferences' does not exist in type 'Partial<{ autoSave: boolean; offlineMode: boolean; notificationsEnabled: boolean; cacheEnabled: boolean; debugMode: boolean; pageSize: number; }>'.
2025-08-12T12:18:23.8220205Z ##[error]src/pages/sales/settings/index.vue(438,23): error TS2339: Property 'preferences' does not exist on type '{ autoSave: boolean; offlineMode: boolean; notificationsEnabled: boolean; cacheEnabled: boolean; debugMode: boolean; pageSize: number; }'.
2025-08-12T12:18:23.8223259Z ##[error]src/pages/sales/settings/index.vue(439,68): error TS2339: Property 'preferences' does not exist on type '{ autoSave: boolean; offlineMode: boolean; notificationsEnabled: boolean; cacheEnabled: boolean; debugMode: boolean; pageSize: number; }'.
2025-08-12T12:18:23.8226561Z ##[error]src/pages/sales/settings/index.vue(442,23): error TS2339: Property 'business' does not exist on type '{ autoSave: boolean; offlineMode: boolean; notificationsEnabled: boolean; cacheEnabled: boolean; debugMode: boolean; pageSize: number; }'.
2025-08-12T12:18:23.8229694Z ##[error]src/pages/sales/settings/index.vue(443,78): error TS2339: Property 'business' does not exist on type '{ autoSave: boolean; offlineMode: boolean; notificationsEnabled: boolean; cacheEnabled: boolean; debugMode: boolean; pageSize: number; }'.
2025-08-12T12:18:23.8231880Z ##[error]src/services/api.ts(55,33): error TS2339: Property 'length' does not exist on type 'unknown'.
2025-08-12T12:18:23.8233067Z ##[error]src/services/api.ts(81,11): error TS2698: Spread types may only be created from object types.
2025-08-12T12:18:23.8234470Z ##[error]src/services/api.ts(98,57): error TS2339: Property 'map' does not exist on type 'unknown'.
2025-08-12T12:18:23.8235639Z ##[error]src/services/api.ts(106,63): error TS2339: Property 'length' does not exist on type 'unknown'.
2025-08-12T12:18:23.8236813Z ##[error]src/services/api.ts(107,63): error TS2339: Property 'reduce' does not exist on type 'unknown'.
2025-08-12T12:18:23.8237959Z ##[error]src/services/api.ts(111,37): error TS2339: Property 'length' does not exist on type 'unknown'.
2025-08-12T12:18:23.8239106Z ##[error]src/services/offline.ts(106,35): error TS2339: Property 'type' does not exist on type 'unknown'.
2025-08-12T12:18:23.8240349Z ##[error]src/services/offline.ts(106,54): error TS2339: Property 'effectiveType' does not exist on type 'unknown'.
2025-08-12T12:18:23.8241612Z ##[error]src/services/offline.ts(107,34): error TS2339: Property 'effectiveType' does not exist on type 'unknown'.
2025-08-12T12:18:23.8242826Z ##[error]src/services/offline.ts(108,29): error TS2339: Property 'downlink' does not exist on type 'unknown'.
2025-08-12T12:18:23.8244100Z ##[error]src/services/offline.ts(109,24): error TS2339: Property 'rtt' does not exist on type 'unknown'.
2025-08-12T12:18:23.8245288Z ##[error]src/services/offline.ts(507,5): error TS2322: Type 'Timeout' is not assignable to type 'number'.
2025-08-12T12:18:23.8248403Z ##[error]src/services/realtime.ts(254,23): error TS2339: Property 'totalCount' does not exist on type 'Store<"quotes", Pick<{ quotes: Ref<{ id: string; quote_no: string; quote_number?: string; customer_id: string; sales_id?: string; total_price: number; tax_amount?: number; final_amount?: number; status: "draft" | "pending" | "approved" | "rejected" | "completed"; ... 9 more ...; items?: { ...; }[]; }[], Quote[] | { ...'.
2025-08-12T12:18:23.8252304Z ##[error]src/services/realtime.ts(288,23): error TS2339: Property 'totalCount' does not exist on type 'Store<"quotes", Pick<{ quotes: Ref<{ id: string; quote_no: string; quote_number?: string; customer_id: string; sales_id?: string; total_price: number; tax_amount?: number; final_amount?: number; status: "draft" | "pending" | "approved" | "rejected" | "completed"; ... 9 more ...; items?: { ...; }[]; }[], Quote[] | { ...'.
2025-08-12T12:18:23.8254871Z ##[error]src/stores/customers.ts(323,9): error TS2353: Object literal may only specify known properties, and 'responseType' does not exist in type '{ params?: any; }'.
2025-08-12T12:18:23.8256478Z ##[error]src/stores/index.ts(23,69): error TS2339: Property 'payload' does not exist on type 'SubscriptionCallbackMutation<StateTree>'.
2025-08-12T12:18:23.8257505Z   Property 'payload' does not exist on type 'SubscriptionCallbackMutationDirect'.
2025-08-12T12:18:23.8258530Z ##[error]src/stores/index.ts(52,69): error TS2339: Property 'payload' does not exist on type 'SubscriptionCallbackMutation<StateTree>'.
2025-08-12T12:18:23.8259748Z   Property 'payload' does not exist on type 'SubscriptionCallbackMutationDirect'.
2025-08-12T12:18:23.8260805Z ##[error]src/stores/index.ts(277,3): error TS2459: Module '"./middleware"' declares 'ErrorHandlerConfig' locally, but it is not exported.
2025-08-12T12:18:23.8262245Z ##[error]src/stores/index.ts(278,3): error TS2459: Module '"./middleware"' declares 'LoadingConfig' locally, but it is not exported.
2025-08-12T12:18:23.8263972Z ##[error]src/stores/index.ts(279,3): error TS2305: Module '"./middleware"' has no exported member 'CacheConfig'.
2025-08-12T12:18:23.8265443Z ##[error]src/stores/index.ts(280,3): error TS2459: Module '"./middleware"' declares 'OptimisticConfig' locally, but it is not exported.
2025-08-12T12:18:23.8266914Z ##[error]src/stores/index.ts(281,3): error TS2459: Module '"./middleware"' declares 'PersistenceConfig' locally, but it is not exported.
2025-08-12T12:18:23.8268361Z ##[error]src/stores/index.ts(282,3): error TS2459: Module '"./middleware"' declares 'ValidationSchema' locally, but it is not exported.
2025-08-12T12:18:23.8269797Z ##[error]src/stores/index.ts(283,3): error TS2459: Module '"./middleware"' declares 'DebugConfig' locally, but it is not exported.
2025-08-12T12:18:23.8274313Z ##[error]src/stores/logs.ts(221,9): error TS2322: Type '{ create: number; read: number; update: number; delete: number; login: number; logout: number; approve: number; reject: number; assign: number; export: number; import: number; backup: number; config_change: number; role_change: number; access_denied: number; security_violation: number; }' is not assignable to type 'Record<LogAction, number> | { login: number; logout: number; create: number; delete: number; read: number; export: number; approve: number; reject: number; update: number; ... 7 more ...; security_violation: number; }'.
2025-08-12T12:18:23.8278429Z   Property 'register' is missing in type '{ create: number; read: number; update: number; delete: number; login: number; logout: number; approve: number; reject: number; assign: number; export: number; import: number; backup: number; config_change: number; role_change: number; access_denied: number; security_violation: number; }' but required in type '{ login: number; logout: number; create: number; delete: number; read: number; export: number; approve: number; reject: number; update: number; register: number; assign: number; import: number; backup: number; config_change: number; role_change: number; access_denied: number; security_violation: number; }'.
2025-08-12T12:18:23.8280875Z ##[error]src/stores/middleware/index.ts(120,9): error TS2862: Type 'T' is generic and can only be indexed for reading.
2025-08-12T12:18:23.8283777Z ##[error]src/stores/middleware/index.ts(200,50): error TS2367: This comparison appears to be unintentional because the types 'Partial<ErrorHandlerConfig> | (Partial<LoadingConfig> & { enableGlobal?: boolean; }) | (Partial<OptimisticConfig> & { ...; }) | { ...; } | (Partial<...> & { ...; }) | { ...; } | (Partial<...> & { ...; })' and 'boolean' have no overlap.
2025-08-12T12:18:23.8286143Z ##[error]src/stores/mobile-testing.ts(312,46): error TS2353: Object literal may only specify known properties, and 'defaultTTL' does not exist in type 'Partial<CacheConfig>'.
2025-08-12T12:18:23.8288105Z ##[error]src/stores/mobile-testing.ts(317,5): error TS2353: Object literal may only specify known properties, and 'enableAutoPersist' does not exist in type 'Partial<PersistenceConfig>'.
2025-08-12T12:18:23.8289686Z ##[error]src/stores/mobile-testing.ts(407,38): error TS2559: Type 'string' has no properties in common with type 'LoadingConfig'.
2025-08-12T12:18:23.8290859Z ##[error]src/stores/mobile-testing.ts(452,37): error TS2554: Expected 0-1 arguments, but got 2.
2025-08-12T12:18:23.8292475Z ##[error]src/stores/mobile-testing.ts(846,7): error TS2322: Type '"web" | "unknown" | "ios" | "android" | "mp-weixin" | "mp-alipay" | "mp-baidu"' is not assignable to type '"web" | "ios" | "android"'.
2025-08-12T12:18:23.8293676Z   Type '"unknown"' is not assignable to type '"web" | "ios" | "android"'.
2025-08-12T12:18:23.8295085Z ##[error]src/stores/quotes-enhanced.ts(43,38): error TS2353: Object literal may only specify known properties, and 'defaultTTL' does not exist in type 'Partial<CacheConfig>'.
2025-08-12T12:18:23.8297056Z ##[error]src/stores/quotes-enhanced.ts(48,5): error TS2353: Object literal may only specify known properties, and 'enableAutoPersist' does not exist in type 'Partial<PersistenceConfig>'.
2025-08-12T12:18:23.8298782Z ##[error]src/stores/quotes-enhanced.ts(112,28): error TS2339: Property 'forceRefresh' does not exist on type 'QueryParams'.
2025-08-12T12:18:23.8300502Z ##[error]src/stores/quotes-enhanced.ts(213,58): error TS2345: Argument of type 'Omit<Quote, "id" | "created_at" | "updated_at">' is not assignable to parameter of type 'CreateQuoteRequest'.
2025-08-12T12:18:23.8301775Z   Property 'customer' is optional in type 'Omit<Quote, "id" | "created_at" | "updated_at">' but required in type 'CreateQuoteRequest'.
2025-08-12T12:18:23.8303839Z ##[error]src/stores/quotes-enhanced.ts(415,33): error TS2352: Conversion of type 'Blob' to type 'string' may be a mistake because neither type sufficiently overlaps with the other. If this was intentional, convert the expression to 'unknown' first.
2025-08-12T12:18:23.8305904Z ##[error]src/stores/quotes-enhanced.ts(545,32): error TS2353: Object literal may only specify known properties, and 'forceRefresh' does not exist in type 'QueryParams'.
2025-08-12T12:18:23.8307573Z ##[error]src/stores/settings.ts(41,51): error TS1361: 'DEFAULT_BUSINESS_RULES' cannot be used as a value because it was imported using 'import type'.
2025-08-12T12:18:23.8309158Z ##[error]src/stores/settings.ts(42,50): error TS1361: 'DEFAULT_SECURITY_SETTINGS' cannot be used as a value because it was imported using 'import type'.
2025-08-12T12:18:23.8310704Z ##[error]src/stores/settings.ts(80,12): error TS1361: 'SETTINGS_CATEGORIES' cannot be used as a value because it was imported using 'import type'.
2025-08-12T12:18:23.8312234Z ##[error]src/stores/settings.ts(342,19): error TS1361: 'SETTINGS_CATEGORIES' cannot be used as a value because it was imported using 'import type'.
2025-08-12T12:18:23.8314043Z ##[error]src/stores/settings.ts(386,48): error TS1361: 'SETTINGS_CATEGORIES' cannot be used as a value because it was imported using 'import type'.
2025-08-12T12:18:23.8315416Z ##[error]src/stores/users.ts(165,29): error TS2322: Type 'string' is not assignable to type 'UserRole'.
2025-08-12T12:18:23.8316504Z ##[error]src/stores/users.ts(173,41): error TS2554: Expected 2 arguments, but got 1.
2025-08-12T12:18:23.8318042Z ##[error]src/stores/users.ts(207,9): error TS2353: Object literal may only specify known properties, and 'responseType' does not exist in type '{ params?: any; }'.
2025-08-12T12:18:23.8319815Z ##[error]src/stores/utils/debug.ts(635,42): error TS2353: Object literal may only specify known properties, and 'isActive' does not exist in type 'Partial<DebugConfig>'.
2025-08-12T12:18:23.8321617Z ##[error]src/stores/utils/debug.ts(653,31): error TS2353: Object literal may only specify known properties, and 'isActive' does not exist in type 'Partial<DebugConfig>'.
2025-08-12T12:18:23.8323298Z ##[error]src/stores/utils/error-handler.ts(401,29): error TS2339: Property 'status' does not exist on type '{ code: string; message: string; field?: string; }'.
2025-08-12T12:18:23.8325536Z ##[error]src/stores/utils/loading-state.ts(353,13): error TS2353: Object literal may only specify known properties, and 'batchIndex' does not exist in type '{ store: string; action: string; payload?: any; }'.
2025-08-12T12:18:23.8327678Z ##[error]src/stores/utils/optimistic-updates.ts(340,11): error TS2353: Object literal may only specify known properties, and 'target' does not exist in type '{ store: string; action: string; payload?: any; }'.
2025-08-12T12:18:23.8329369Z ##[error]src/stores/utils/persistence.ts(351,35): error TS2345: Argument of type 'Timeout' is not assignable to parameter of type 'number'.
2025-08-12T12:18:23.8330743Z ##[error]src/tests/data-integrity.test.ts(28,5): error TS2322: Type '"direct"' is not assignable to type 'CustomerType'.
2025-08-12T12:18:23.8332658Z ##[error]src/tests/data-integrity.test.ts(51,5): error TS2561: Object literal may only specify known properties, but 'sku' does not exist in type 'Product'. Did you mean to write 'skus'?
2025-08-12T12:18:23.8334612Z ##[error]src/tests/data-integrity.test.ts(88,9): error TS2353: Object literal may only specify known properties, and 'product_name' does not exist in type 'QuoteItem'.
2025-08-12T12:18:23.8336249Z ##[error]src/tests/data-integrity.test.ts(109,5): error TS2322: Type '"sales_rep"' is not assignable to type '"admin" | "sales"'.
2025-08-12T12:18:23.8337941Z ##[error]src/tests/data-integrity.test.ts(172,9): error TS2353: Object literal may only specify known properties, and 'credit_limit' does not exist in type 'Partial<Customer>'.
2025-08-12T12:18:23.8340828Z ##[error]src/tests/data-integrity.test.ts(203,29): error TS2345: Argument of type '"createQuote"' is not assignable to parameter of type '"resetFilters" | "setPage" | "setPageSize" | "fetchQuotes" | "fetchQuote" | "approveQuote" | "rejectQuote" | "deleteQuote" | "exportQuotes" | "searchByPhone" | "getQuoteStats" | ... 4 more ... | "$dispose"'.
2025-08-12T12:18:23.8344806Z ##[error]src/tests/data-integrity.test.ts(204,9): error TS2353: Object literal may only specify known properties, and 'success' does not exist in type '[string, string] | Set<string> | { id: string; quote_no: string; quote_number?: string; customer_id: string; sales_id?: string; total_price: number; tax_amount?: number; final_amount?: number; ... 10 more ...; items?: { ...; }[]; } | { ...; }[] | ({ ...; } & PiniaCustomStateProperties<...>)'.
2025-08-12T12:18:23.8348820Z ##[error]src/tests/data-integrity.test.ts(209,25): error TS2339: Property 'createQuote' does not exist on type 'Store<"quotes", Pick<{ quotes: Ref<{ id: string; quote_no: string; quote_number?: string; customer_id: string; sales_id?: string; total_price: number; tax_amount?: number; final_amount?: number; status: "draft" | "pending" | "approved" | "rejected" | "completed"; ... 9 more ...; items?: { ...; }[]; }[], Quote[] | { ...'.
2025-08-12T12:18:23.8350945Z ##[error]src/tests/data-integrity.test.ts(213,20): error TS2339: Property 'customer_name' does not exist on type 'Quote'.
2025-08-12T12:18:23.8352705Z ##[error]src/tests/data-integrity.test.ts(257,68): error TS2345: Argument of type '{ success: boolean; error: { message: string; code: string; }; }' is not assignable to parameter of type 'void'.
2025-08-12T12:18:23.8354490Z ##[error]src/tests/data-integrity.test.ts(264,21): error TS2339: Property 'success' does not exist on type 'void'.
2025-08-12T12:18:23.8355740Z ##[error]src/tests/data-integrity.test.ts(265,21): error TS2339: Property 'error' does not exist on type 'void'.
2025-08-12T12:18:23.8358492Z ##[error]src/tests/data-integrity.test.ts(274,31): error TS2345: Argument of type '"updateProductStock"' is not assignable to parameter of type '"fetchProducts" | "fetchProduct" | "createProduct" | "updateProduct" | "deleteProduct" | "fetchAccessories" | "searchProducts" | "resetFilters" | "setPage" | "setPageSize" | ... 4 more ... | "$dispose"'.
2025-08-12T12:18:23.8362529Z ##[error]src/tests/data-integrity.test.ts(275,9): error TS2353: Object literal may only specify known properties, and 'success' does not exist in type 'string[] | { id: string; name: string; model: string; category: string; categoryId?: string; price: number; unit: string; image?: string; image_url?: string; description?: string; is_active: boolean; isNew?: boolean; ... 5 more ...; skus?: { ...; }[]; } | ... 4 more ... | ({ ...; } & PiniaCustomStateProperties<...>)'.
2025-08-12T12:18:23.8367013Z ##[error]src/tests/data-integrity.test.ts(279,42): error TS2551: Property 'updateProductStock' does not exist on type 'Store<"products", Pick<{ products: Ref<{ id: string; name: string; model: string; category: string; categoryId?: string; price: number; unit: string; image?: string; image_url?: string; description?: string; is_active: boolean; ... 6 more ...; skus?: { ...; }[]; }[], Product[] | { ...; }[]>; ... 24 more ...; setPage...'. Did you mean 'updateProduct'?
2025-08-12T12:18:23.8370858Z ##[error]src/tests/data-integrity.test.ts(285,31): error TS2345: Argument of type '"updateProductStock"' is not assignable to parameter of type '"fetchProducts" | "fetchProduct" | "createProduct" | "updateProduct" | "deleteProduct" | "fetchAccessories" | "searchProducts" | "resetFilters" | "setPage" | "setPageSize" | ... 4 more ... | "$dispose"'.
2025-08-12T12:18:23.8375107Z ##[error]src/tests/data-integrity.test.ts(286,9): error TS2353: Object literal may only specify known properties, and 'success' does not exist in type 'string[] | { id: string; name: string; model: string; category: string; categoryId?: string; price: number; unit: string; image?: string; image_url?: string; description?: string; is_active: boolean; isNew?: boolean; ... 5 more ...; skus?: { ...; }[]; } | ... 4 more ... | ({ ...; } & PiniaCustomStateProperties<...>)'.
2025-08-12T12:18:23.8379337Z ##[error]src/tests/data-integrity.test.ts(290,50): error TS2551: Property 'updateProductStock' does not exist on type 'Store<"products", Pick<{ products: Ref<{ id: string; name: string; model: string; category: string; categoryId?: string; price: number; unit: string; image?: string; image_url?: string; description?: string; is_active: boolean; ... 6 more ...; skus?: { ...; }[]; }[], Product[] | { ...; }[]>; ... 24 more ...; setPage...'. Did you mean 'updateProduct'?
2025-08-12T12:18:23.8381838Z ##[error]src/tests/data-integrity.test.ts(298,9): error TS2353: Object literal may only specify known properties, and 'cost' does not exist in type 'Partial<Product>'.
2025-08-12T12:18:23.8383444Z ##[error]src/tests/data-integrity.test.ts(304,9): error TS2322: Type '{ message: string; details: string[]; }' is not assignable to type 'string'.
2025-08-12T12:18:23.8385055Z ##[error]src/tests/data-integrity.test.ts(317,28): error TS2339: Property 'details' does not exist on type 'string'.
2025-08-12T12:18:23.8386334Z ##[error]src/tests/data-integrity.test.ts(318,28): error TS2339: Property 'details' does not exist on type 'string'.
2025-08-12T12:18:23.8387594Z ##[error]src/tests/data-integrity.test.ts(319,28): error TS2339: Property 'details' does not exist on type 'string'.
2025-08-12T12:18:23.8389380Z ##[error]src/tests/data-integrity.test.ts(323,44): error TS2561: Object literal may only specify known properties, but 'sku' does not exist in type 'Partial<Product>'. Did you mean to write 'skus'?
2025-08-12T12:18:23.8391398Z ##[error]src/tests/data-integrity.test.ts(324,44): error TS2561: Object literal may only specify known properties, but 'sku' does not exist in type 'Partial<Product>'. Did you mean to write 'skus'?
2025-08-12T12:18:23.8393032Z ##[error]src/tests/data-integrity.test.ts(330,11): error TS2322: Type '{ message: string; code: string; }' is not assignable to type 'string'.
2025-08-12T12:18:23.8394646Z ##[error]src/tests/data-integrity.test.ts(338,29): error TS2339: Property 'code' does not exist on type 'string'.
2025-08-12T12:18:23.8396513Z ##[error]src/tests/data-integrity.test.ts(352,9): error TS2353: Object literal may only specify known properties, and 'audit' does not exist in type '{ success: boolean; data: Product; error?: undefined; }'.
2025-08-12T12:18:23.8398667Z ##[error]src/tests/data-integrity.test.ts(365,21): error TS2339: Property 'audit' does not exist on type '{ success: boolean; data: Product; error?: undefined; } | { success: boolean; error: string; data?: undefined; }'.
2025-08-12T12:18:23.8399953Z   Property 'audit' does not exist on type '{ success: boolean; data: Product; error?: undefined; }'.
2025-08-12T12:18:23.8401485Z ##[error]src/tests/data-integrity.test.ts(366,21): error TS2339: Property 'audit' does not exist on type '{ success: boolean; data: Product; error?: undefined; } | { success: boolean; error: string; data?: undefined; }'.
2025-08-12T12:18:23.8402764Z   Property 'audit' does not exist on type '{ success: boolean; data: Product; error?: undefined; }'.
2025-08-12T12:18:23.8404663Z ##[error]src/tests/data-integrity.test.ts(367,21): error TS2339: Property 'audit' does not exist on type '{ success: boolean; data: Product; error?: undefined; } | { success: boolean; error: string; data?: undefined; }'.
2025-08-12T12:18:23.8406005Z   Property 'audit' does not exist on type '{ success: boolean; data: Product; error?: undefined; }'.
2025-08-12T12:18:23.8407432Z ##[error]src/tests/data-integrity.test.ts(377,13): error TS2353: Object literal may only specify known properties, and 'product_name' does not exist in type 'QuoteItem'.
2025-08-12T12:18:23.8409236Z ##[error]src/tests/data-integrity.test.ts(384,13): error TS2353: Object literal may only specify known properties, and 'product_name' does not exist in type 'QuoteItem'.
2025-08-12T12:18:23.8410716Z ##[error]src/tests/data-integrity.test.ts(397,53): error TS2339: Property 'discount_amount' does not exist on type 'Quote'.
2025-08-12T12:18:23.8412366Z ##[error]src/tests/data-integrity.test.ts(407,13): error TS2353: Object literal may only specify known properties, and 'product_name' does not exist in type 'QuoteItem'.
2025-08-12T12:18:23.8415491Z ##[error]src/tests/data-integrity.test.ts(415,29): error TS2345: Argument of type '"createQuote"' is not assignable to parameter of type '"resetFilters" | "setPage" | "setPageSize" | "fetchQuotes" | "fetchQuote" | "approveQuote" | "rejectQuote" | "deleteQuote" | "exportQuotes" | "searchByPhone" | "getQuoteStats" | ... 4 more ... | "$dispose"'.
2025-08-12T12:18:23.8419304Z ##[error]src/tests/data-integrity.test.ts(416,9): error TS2353: Object literal may only specify known properties, and 'success' does not exist in type '[string, string] | Set<string> | { id: string; quote_no: string; quote_number?: string; customer_id: string; sales_id?: string; total_price: number; tax_amount?: number; final_amount?: number; ... 10 more ...; items?: { ...; }[]; } | { ...; }[] | ({ ...; } & PiniaCustomStateProperties<...>)'.
2025-08-12T12:18:23.8423290Z ##[error]src/tests/data-integrity.test.ts(424,40): error TS2339: Property 'createQuote' does not exist on type 'Store<"quotes", Pick<{ quotes: Ref<{ id: string; quote_no: string; quote_number?: string; customer_id: string; sales_id?: string; total_price: number; tax_amount?: number; final_amount?: number; status: "draft" | "pending" | "approved" | "rejected" | "completed"; ... 9 more ...; items?: { ...; }[]; }[], Quote[] | { ...'.
2025-08-12T12:18:23.8426998Z ##[error]src/tests/data-integrity.test.ts(443,31): error TS2345: Argument of type '"updateQuoteStatus"' is not assignable to parameter of type '"resetFilters" | "setPage" | "setPageSize" | "fetchQuotes" | "fetchQuote" | "approveQuote" | "rejectQuote" | "deleteQuote" | "exportQuotes" | "searchByPhone" | "getQuoteStats" | ... 4 more ... | "$dispose"'.
2025-08-12T12:18:23.8432102Z ##[error]src/tests/data-integrity.test.ts(445,17): error TS2345: Argument of type '{ success: boolean; data: { status: string; id: string; quote_no: string; quote_number?: string; customer_id: string; sales_id?: string; total_price: number; tax_amount?: number; final_amount?: number; ... 9 more ...; items?: QuoteItem[]; }; } | { ...; }' is not assignable to parameter of type 'string | number | boolean | [string, string] | Set<string> | { id: string; quote_no: string; quote_number?: string; customer_id: string; sales_id?: string; total_price: number; tax_amount?: number; ... 11 more ...; items?: { ...; }[]; } | { ...; }[] | ({ ...; } & PiniaCustomStateProperties<...>)'.
2025-08-12T12:18:23.8435571Z   Object literal may only specify known properties, and 'success' does not exist in type '[string, string] | Set<string> | { id: string; quote_no: string; quote_number?: string; customer_id: string; sales_id?: string; total_price: number; tax_amount?: number; final_amount?: number; ... 10 more ...; items?: { ...; }[]; } | { ...; }[] | ({ ...; } & PiniaCustomStateProperties<...>)'.
2025-08-12T12:18:23.8439151Z ##[error]src/tests/data-integrity.test.ts(452,42): error TS2339: Property 'updateQuoteStatus' does not exist on type 'Store<"quotes", Pick<{ quotes: Ref<{ id: string; quote_no: string; quote_number?: string; customer_id: string; sales_id?: string; total_price: number; tax_amount?: number; final_amount?: number; status: "draft" | "pending" | "approved" | "rejected" | "completed"; ... 9 more ...; items?: { ...; }[]; }[], Quote[] | { ...'.
2025-08-12T12:18:23.8442851Z ##[error]src/tests/data-integrity.test.ts(467,29): error TS2345: Argument of type '"updateQuote"' is not assignable to parameter of type '"resetFilters" | "setPage" | "setPageSize" | "fetchQuotes" | "fetchQuote" | "approveQuote" | "rejectQuote" | "deleteQuote" | "exportQuotes" | "searchByPhone" | "getQuoteStats" | ... 4 more ... | "$dispose"'.
2025-08-12T12:18:23.8447048Z ##[error]src/tests/data-integrity.test.ts(468,9): error TS2353: Object literal may only specify known properties, and 'success' does not exist in type '[string, string] | Set<string> | { id: string; quote_no: string; quote_number?: string; customer_id: string; sales_id?: string; total_price: number; tax_amount?: number; final_amount?: number; ... 10 more ...; items?: { ...; }[]; } | { ...; }[] | ({ ...; } & PiniaCustomStateProperties<...>)'.
2025-08-12T12:18:23.8451037Z ##[error]src/tests/data-integrity.test.ts(472,40): error TS2339: Property 'updateQuote' does not exist on type 'Store<"quotes", Pick<{ quotes: Ref<{ id: string; quote_no: string; quote_number?: string; customer_id: string; sales_id?: string; total_price: number; tax_amount?: number; final_amount?: number; status: "draft" | "pending" | "approved" | "rejected" | "completed"; ... 9 more ...; items?: { ...; }[]; }[], Quote[] | { ...'.
2025-08-12T12:18:23.8454819Z ##[error]src/tests/data-integrity.test.ts(483,29): error TS2345: Argument of type '"updateQuoteStatus"' is not assignable to parameter of type '"resetFilters" | "setPage" | "setPageSize" | "fetchQuotes" | "fetchQuote" | "approveQuote" | "rejectQuote" | "deleteQuote" | "exportQuotes" | "searchByPhone" | "getQuoteStats" | ... 4 more ... | "$dispose"'.
2025-08-12T12:18:23.8458660Z ##[error]src/tests/data-integrity.test.ts(484,9): error TS2353: Object literal may only specify known properties, and 'success' does not exist in type '[string, string] | Set<string> | { id: string; quote_no: string; quote_number?: string; customer_id: string; sales_id?: string; total_price: number; tax_amount?: number; final_amount?: number; ... 10 more ...; items?: { ...; }[]; } | { ...; }[] | ({ ...; } & PiniaCustomStateProperties<...>)'.
2025-08-12T12:18:23.8462705Z ##[error]src/tests/data-integrity.test.ts(488,40): error TS2339: Property 'updateQuoteStatus' does not exist on type 'Store<"quotes", Pick<{ quotes: Ref<{ id: string; quote_no: string; quote_number?: string; customer_id: string; sales_id?: string; total_price: number; tax_amount?: number; final_amount?: number; status: "draft" | "pending" | "approved" | "rejected" | "completed"; ... 9 more ...; items?: { ...; }[]; }[], Quote[] | { ...'.
2025-08-12T12:18:23.8465205Z ##[error]src/tests/data-integrity.test.ts(504,50): error TS2345: Argument of type 'User' is not assignable to parameter of type 'Partial<User>'.
2025-08-12T12:18:23.8466132Z   Types of property 'role' are incompatible.
2025-08-12T12:18:23.8466512Z     Type '"admin" | "sales"' is not assignable to type 'UserRole'.
2025-08-12T12:18:23.8466905Z       Type '"sales"' is not assignable to type 'UserRole'.
2025-08-12T12:18:23.8467857Z ##[error]src/tests/data-integrity.test.ts(526,51): error TS2345: Argument of type 'User' is not assignable to parameter of type 'Partial<User>'.
2025-08-12T12:18:23.8468790Z   Types of property 'role' are incompatible.
2025-08-12T12:18:23.8469160Z     Type '"admin" | "sales"' is not assignable to type 'UserRole'.
2025-08-12T12:18:23.8469540Z       Type '"sales"' is not assignable to type 'UserRole'.
2025-08-12T12:18:23.8470471Z ##[error]src/tests/data-integrity.test.ts(527,51): error TS2345: Argument of type 'User' is not assignable to parameter of type 'Partial<User>'.
2025-08-12T12:18:23.8471387Z   Types of property 'role' are incompatible.
2025-08-12T12:18:23.8471899Z     Type '"admin" | "sales"' is not assignable to type 'UserRole'.
2025-08-12T12:18:23.8472281Z       Type '"sales"' is not assignable to type 'UserRole'.
2025-08-12T12:18:23.8473229Z ##[error]src/tests/data-integrity.test.ts(528,51): error TS2345: Argument of type 'User' is not assignable to parameter of type 'Partial<User>'.
2025-08-12T12:18:23.8474437Z   Types of property 'role' are incompatible.
2025-08-12T12:18:23.8474958Z     Type '"admin" | "sales"' is not assignable to type 'UserRole'.
2025-08-12T12:18:23.8475344Z       Type '"sales"' is not assignable to type 'UserRole'.
2025-08-12T12:18:23.8476509Z ##[error]src/tests/data-integrity.test.ts(546,61): error TS2353: Object literal may only specify known properties, and 'is_active' does not exist in type 'Partial<User>'.
2025-08-12T12:18:23.8478311Z ##[error]src/tests/data-integrity.test.ts(565,33): error TS2345: Argument of type '"subscribeToCustomers"' is not assignable to parameter of type 'keyof RealtimeService'.
2025-08-12T12:18:23.8480067Z ##[error]src/tests/data-integrity.test.ts(565,76): error TS2345: Argument of type '(callback: any) => Promise<void>' is not assignable to parameter of type '() => never'.
2025-08-12T12:18:23.8481157Z   Target signature provides too few arguments. Expected 1 or more, but got 0.
2025-08-12T12:18:23.8482317Z ##[error]src/tests/data-integrity.test.ts(570,29): error TS2341: Property 'subscribeToCustomers' is private and only accessible within class 'RealtimeService'.
2025-08-12T12:18:23.8483851Z ##[error]src/tests/data-integrity.test.ts(570,50): error TS2554: Expected 0 arguments, but got 1.
2025-08-12T12:18:23.8485493Z ##[error]src/tests/data-integrity.test.ts(655,13): error TS2353: Object literal may only specify known properties, and 'product_name' does not exist in type 'QuoteItem'.
2025-08-12T12:18:23.8486976Z ##[error]src/tests/data-integrity.test.ts(671,29): error TS2339: Property 'product_name' does not exist on type 'QuoteItem'.
2025-08-12T12:18:23.8488660Z ##[error]src/tests/data-integrity.test.ts(679,9): error TS2353: Object literal may only specify known properties, and 'customer_name' does not exist in type 'Partial<Quote>'.
2025-08-12T12:18:23.8491687Z ##[error]src/tests/data-integrity.test.ts(695,28): error TS2339: Property 'customer_name' does not exist on type '{ id: string; quote_no: string; quote_number?: string; customer_id: string; sales_id?: string; total_price: number; tax_amount?: number; final_amount?: number; status: "draft" | "pending" | "approved" | "rejected" | "completed"; ... 9 more ...; items?: { ...; }[]; }'.
2025-08-12T12:18:23.8494178Z ##[error]src/tests/data-integrity.test.ts(707,13): error TS2353: Object literal may only specify known properties, and 'product_name' does not exist in type 'QuoteItem'.
2025-08-12T12:18:23.8497047Z ##[error]src/tests/data-integrity.test.ts(721,29): error TS2345: Argument of type '"createQuote"' is not assignable to parameter of type '"resetFilters" | "setPage" | "setPageSize" | "fetchQuotes" | "fetchQuote" | "approveQuote" | "rejectQuote" | "deleteQuote" | "exportQuotes" | "searchByPhone" | "getQuoteStats" | ... 4 more ... | "$dispose"'.
2025-08-12T12:18:23.8500839Z ##[error]src/tests/data-integrity.test.ts(721,64): error TS2353: Object literal may only specify known properties, and 'success' does not exist in type '[string, string] | Set<string> | { id: string; quote_no: string; quote_number?: string; customer_id: string; sales_id?: string; total_price: number; tax_amount?: number; final_amount?: number; ... 10 more ...; items?: { ...; }[]; } | { ...; }[] | ({ ...; } & PiniaCustomStateProperties<...>)'.
2025-08-12T12:18:23.8504924Z ##[error]src/tests/data-integrity.test.ts(726,45): error TS2339: Property 'createQuote' does not exist on type 'Store<"quotes", Pick<{ quotes: Ref<{ id: string; quote_no: string; quote_number?: string; customer_id: string; sales_id?: string; total_price: number; tax_amount?: number; final_amount?: number; status: "draft" | "pending" | "approved" | "rejected" | "completed"; ... 9 more ...; items?: { ...; }[]; }[], Quote[] | { ...'.
2025-08-12T12:18:23.8507390Z ##[error]src/tests/data-integrity.test.ts(736,20): error TS2551: Property 'total_amount' does not exist on type 'Quote'. Did you mean 'tax_amount'?
2025-08-12T12:18:23.8510171Z ##[error]src/tests/data-integrity.test.ts(752,29): error TS2345: Argument of type '"createQuote"' is not assignable to parameter of type '"resetFilters" | "setPage" | "setPageSize" | "fetchQuotes" | "fetchQuote" | "approveQuote" | "rejectQuote" | "deleteQuote" | "exportQuotes" | "searchByPhone" | "getQuoteStats" | ... 4 more ... | "$dispose"'.
2025-08-12T12:18:23.8514188Z ##[error]src/tests/data-integrity.test.ts(753,9): error TS2353: Object literal may only specify known properties, and 'success' does not exist in type '[string, string] | Set<string> | { id: string; quote_no: string; quote_number?: string; customer_id: string; sales_id?: string; total_price: number; tax_amount?: number; final_amount?: number; ... 10 more ...; items?: { ...; }[]; } | { ...; }[] | ({ ...; } & PiniaCustomStateProperties<...>)'.
2025-08-12T12:18:23.8518190Z ##[error]src/tests/data-integrity.test.ts(758,45): error TS2339: Property 'createQuote' does not exist on type 'Store<"quotes", Pick<{ quotes: Ref<{ id: string; quote_no: string; quote_number?: string; customer_id: string; sales_id?: string; total_price: number; tax_amount?: number; final_amount?: number; status: "draft" | "pending" | "approved" | "rejected" | "completed"; ... 9 more ...; items?: { ...; }[]; }[], Quote[] | { ...'.
2025-08-12T12:18:23.8520592Z ##[error]src/tests/data-integrity.test.ts(787,11): error TS2353: Object literal may only specify known properties, and 'industry' does not exist in type 'Customer'.
2025-08-12T12:18:23.8523655Z ##[error]src/tests/data-integrity.test.ts(849,32): error TS2345: Argument of type '"bulkCreateCustomers"' is not assignable to parameter of type '"fetchCustomers" | "fetchCustomerById" | "createCustomer" | "updateCustomer" | "deleteCustomer" | "updateCustomerStatus" | "searchCustomersByPhone" | "getCustomerQuotes" | ... 14 more ... | "$dispose"'.
2025-08-12T12:18:23.8527834Z ##[error]src/tests/data-integrity.test.ts(850,9): error TS2353: Object literal may only specify known properties, and 'success' does not exist in type 'CustomerStatistics | { id: string; name: string; phone: string; email?: string; wechat_id?: string; company?: string; address?: string; city?: string; district?: string; customer_type: CustomerType; ... 16 more ...; contact_time_preference?: string; }[] | { ...; } | Set<...> | ({ ...; } & PiniaCustomStateProperties<...'.
2025-08-12T12:18:23.8532180Z ##[error]src/tests/data-integrity.test.ts(860,43): error TS2551: Property 'bulkCreateCustomers' does not exist on type 'Store<"customers", Pick<{ customers: Ref<{ id: string; name: string; phone: string; email?: string; wechat_id?: string; company?: string; address?: string; city?: string; district?: string; customer_type: CustomerType; ... 16 more ...; contact_time_preference?: string; }[], Customer[] | { ...; }[]>; ... 22 more ...;...'. Did you mean 'createCustomer'?
2025-08-12T12:18:23.8534521Z ##[error]src/tests/permissions.test.ts(55,11): error TS2322: Type '"sales_rep"' is not assignable to type '"admin" | "sales"'.
2025-08-12T12:18:23.8535884Z ##[error]src/tests/permissions.test.ts(203,9): error TS2322: Type '"sales_manager"' is not assignable to type '"admin" | "sales"'.
2025-08-12T12:18:23.8537204Z ##[error]src/tests/permissions.test.ts(226,9): error TS2322: Type '"sales_rep"' is not assignable to type '"admin" | "sales"'.
2025-08-12T12:18:23.8538518Z ##[error]src/tests/permissions.test.ts(249,9): error TS2322: Type '"viewer"' is not assignable to type '"admin" | "sales"'.
2025-08-12T12:18:23.8539869Z ##[error]src/tests/permissions.test.ts(286,9): error TS2322: Type '"sales_manager"' is not assignable to type '"admin" | "sales"'.
2025-08-12T12:18:23.8541203Z ##[error]src/tests/permissions.test.ts(303,9): error TS2322: Type '"sales_rep"' is not assignable to type '"admin" | "sales"'.
2025-08-12T12:18:23.8542539Z ##[error]src/tests/permissions.test.ts(346,9): error TS2322: Type '"sales_manager"' is not assignable to type '"admin" | "sales"'.
2025-08-12T12:18:23.8544147Z ##[error]src/tests/permissions.test.ts(368,9): error TS2322: Type '"sales_rep"' is not assignable to type '"admin" | "sales"'.
2025-08-12T12:18:23.8545509Z ##[error]src/tests/permissions.test.ts(407,7): error TS2322: Type '"sales_manager"' is not assignable to type '"admin" | "sales"'.
2025-08-12T12:18:23.8546979Z ##[error]src/tests/permissions.test.ts(415,7): error TS2322: Type '"sales_rep"' is not assignable to type '"admin" | "sales"'.
2025-08-12T12:18:23.8548297Z ##[error]src/tests/permissions.test.ts(448,9): error TS2322: Type '"sales_rep"' is not assignable to type '"admin" | "sales"'.
2025-08-12T12:18:23.8549661Z ##[error]src/tests/permissions.test.ts(463,7): error TS2322: Type '"sales_manager"' is not assignable to type '"admin" | "sales"'.
2025-08-12T12:18:23.8551033Z ##[error]src/tests/permissions.test.ts(576,7): error TS2322: Type '"sales_manager"' is not assignable to type '"admin" | "sales"'.
2025-08-12T12:18:23.8552155Z ##[error]src/tests/setup.ts(430,1): error TS2304: Cannot find name 'beforeEach'.
2025-08-12T12:18:23.8553128Z ##[error]src/tests/setup.ts(438,1): error TS2304: Cannot find name 'afterEach'.
2025-08-12T12:18:23.8554566Z ##[error]src/utils/bundle-optimization.ts(121,9): error TS2322: Type 'AsyncComponentResolveResult<T>' is not assignable to type 'T'.
2025-08-12T12:18:23.8555880Z   'AsyncComponentResolveResult<T>' is assignable to the constraint of type 'T', but 'T' could be instantiated with a different subtype of constraint 'Component'.
2025-08-12T12:18:23.8556566Z     Type '{ default: T; }' is not assignable to type 'T'.
2025-08-12T12:18:23.8557199Z       '{ default: T; }' is assignable to the constraint of type 'T', but 'T' could be instantiated with a different subtype of constraint 'Component'.
2025-08-12T12:18:23.8558289Z ##[error]src/utils/data-validation.ts(84,16): error TS2339: Property 'credit_limit' does not exist on type 'Partial<Customer>'.
2025-08-12T12:18:23.8559684Z ##[error]src/utils/data-validation.ts(85,18): error TS2339: Property 'credit_limit' does not exist on type 'Partial<Customer>'.
2025-08-12T12:18:23.8561062Z ##[error]src/utils/data-validation.ts(87,25): error TS2339: Property 'credit_limit' does not exist on type 'Partial<Customer>'.
2025-08-12T12:18:23.8562453Z ##[error]src/utils/data-validation.ts(94,16): error TS2339: Property 'priority_level' does not exist on type 'Partial<Customer>'.
2025-08-12T12:18:23.8563956Z ##[error]src/utils/data-validation.ts(94,73): error TS2339: Property 'priority_level' does not exist on type 'Partial<Customer>'.
2025-08-12T12:18:23.8565368Z ##[error]src/utils/data-validation.ts(100,16): error TS2339: Property 'payment_terms' does not exist on type 'Partial<Customer>'.
2025-08-12T12:18:23.8566762Z ##[error]src/utils/data-validation.ts(100,70): error TS2339: Property 'payment_terms' does not exist on type 'Partial<Customer>'.
2025-08-12T12:18:23.8568121Z ##[error]src/utils/data-validation.ts(105,17): error TS2339: Property 'industry' does not exist on type 'Partial<Customer>'.
2025-08-12T12:18:23.8569499Z ##[error]src/utils/data-validation.ts(109,17): error TS2339: Property 'company_size' does not exist on type 'Partial<Customer>'.
2025-08-12T12:18:23.8570862Z ##[error]src/utils/data-validation.ts(113,17): error TS2339: Property 'location' does not exist on type 'Partial<Customer>'.
2025-08-12T12:18:23.8572299Z ##[error]src/utils/data-validation.ts(136,16): error TS2551: Property 'sku' does not exist on type 'Partial<Product>'. Did you mean 'skus'?
2025-08-12T12:18:23.8573868Z ##[error]src/utils/data-validation.ts(136,31): error TS2551: Property 'sku' does not exist on type 'Partial<Product>'. Did you mean 'skus'?
2025-08-12T12:18:23.8575340Z ##[error]src/utils/data-validation.ts(138,52): error TS2551: Property 'sku' does not exist on type 'Partial<Product>'. Did you mean 'skus'?
2025-08-12T12:18:23.8576706Z ##[error]src/utils/data-validation.ts(152,15): error TS2339: Property 'cost' does not exist on type 'Partial<Product>'.
2025-08-12T12:18:23.8578206Z ##[error]src/utils/data-validation.ts(152,45): error TS2339: Property 'cost' does not exist on type 'Partial<Product>'.
2025-08-12T12:18:23.8579507Z ##[error]src/utils/data-validation.ts(153,17): error TS2339: Property 'cost' does not exist on type 'Partial<Product>'.
2025-08-12T12:18:23.8580800Z ##[error]src/utils/data-validation.ts(156,48): error TS2339: Property 'cost' does not exist on type 'Partial<Product>'.
2025-08-12T12:18:23.8582929Z ##[error]src/utils/data-validation.ts(171,15): error TS2339: Property 'min_stock_level' does not exist on type 'Partial<Product>'.
2025-08-12T12:18:23.8585475Z ##[error]src/utils/data-validation.ts(171,56): error TS2339: Property 'min_stock_level' does not exist on type 'Partial<Product>'.
2025-08-12T12:18:23.8588119Z ##[error]src/utils/data-validation.ts(172,17): error TS2339: Property 'min_stock_level' does not exist on type 'Partial<Product>'.
2025-08-12T12:18:23.8590712Z ##[error]src/utils/data-validation.ts(175,57): error TS2339: Property 'min_stock_level' does not exist on type 'Partial<Product>'.
2025-08-12T12:18:23.8593365Z ##[error]src/utils/data-validation.ts(199,15): error TS2339: Property 'warranty_period' does not exist on type 'Partial<Product>'.
2025-08-12T12:18:23.8596209Z ##[error]src/utils/data-validation.ts(199,56): error TS2339: Property 'warranty_period' does not exist on type 'Partial<Product>'.
2025-08-12T12:18:23.8598877Z ##[error]src/utils/data-validation.ts(200,17): error TS2339: Property 'warranty_period' does not exist on type 'Partial<Product>'.
2025-08-12T12:18:23.8601223Z ##[error]src/utils/data-validation.ts(202,24): error TS2339: Property 'warranty_period' does not exist on type 'Partial<Product>'.
2025-08-12T12:18:23.8602646Z ##[error]src/utils/data-validation.ts(212,16): error TS2339: Property 'brand' does not exist on type 'Partial<Product>'.
2025-08-12T12:18:23.8604268Z ##[error]src/utils/data-validation.ts(216,16): error TS2339: Property 'supplier' does not exist on type 'Partial<Product>'.
2025-08-12T12:18:23.8605697Z ##[error]src/utils/data-validation.ts(245,14): error TS2339: Property 'customer_name' does not exist on type 'Partial<Quote>'.
2025-08-12T12:18:23.8607109Z ##[error]src/utils/data-validation.ts(245,37): error TS2339: Property 'customer_name' does not exist on type 'Partial<Quote>'.
2025-08-12T12:18:23.8608453Z ##[error]src/utils/data-validation.ts(264,17): error TS2339: Property 'product_name' does not exist on type 'QuoteItem'.
2025-08-12T12:18:23.8609966Z ##[error]src/utils/data-validation.ts(289,13): error TS2551: Property 'total_amount' does not exist on type 'Partial<Quote>'. Did you mean 'tax_amount'?
2025-08-12T12:18:23.8611539Z ##[error]src/utils/data-validation.ts(289,49): error TS2551: Property 'total_amount' does not exist on type 'Partial<Quote>'. Did you mean 'tax_amount'?
2025-08-12T12:18:23.8613121Z ##[error]src/utils/data-validation.ts(291,20): error TS2551: Property 'total_amount' does not exist on type 'Partial<Quote>'. Did you mean 'tax_amount'?
2025-08-12T12:18:23.8614708Z ##[error]src/utils/data-validation.ts(295,13): error TS2339: Property 'discount_amount' does not exist on type 'Partial<Quote>'.
2025-08-12T12:18:23.8616123Z ##[error]src/utils/data-validation.ts(295,52): error TS2339: Property 'discount_amount' does not exist on type 'Partial<Quote>'.
2025-08-12T12:18:23.8617514Z ##[error]src/utils/data-validation.ts(296,15): error TS2339: Property 'discount_amount' does not exist on type 'Partial<Quote>'.
2025-08-12T12:18:23.8619056Z ##[error]src/utils/data-validation.ts(299,15): error TS2551: Property 'total_amount' does not exist on type 'Partial<Quote>'. Did you mean 'tax_amount'?
2025-08-12T12:18:23.8620517Z ##[error]src/utils/data-validation.ts(299,51): error TS2339: Property 'discount_amount' does not exist on type 'Partial<Quote>'.
2025-08-12T12:18:23.8622058Z ##[error]src/utils/data-validation.ts(299,75): error TS2551: Property 'total_amount' does not exist on type 'Partial<Quote>'. Did you mean 'tax_amount'?
2025-08-12T12:18:23.8623740Z ##[error]src/utils/data-validation.ts(315,13): error TS2551: Property 'total_amount' does not exist on type 'Partial<Quote>'. Did you mean 'tax_amount'?
2025-08-12T12:18:23.8625545Z ##[error]src/utils/data-validation.ts(317,13): error TS2551: Property 'total_amount' does not exist on type 'Partial<Quote>'. Did you mean 'tax_amount'?
2025-08-12T12:18:23.8627029Z ##[error]src/utils/data-validation.ts(317,35): error TS2339: Property 'discount_amount' does not exist on type 'Partial<Quote>'.
2025-08-12T12:18:23.8628504Z ##[error]src/utils/data-validation.ts(572,18): error TS2339: Property 'assigned_to' does not exist on type 'Customer'.
2025-08-12T12:18:23.8704812Z ##[error]src/utils/data-validation.ts(572,55): error TS2339: Property 'assigned_to' does not exist on type 'Customer'.
2025-08-12T12:18:23.8706238Z ##[error]src/utils/data-validation.ts(573,62): error TS2339: Property 'assigned_to' does not exist on type 'Customer'.
2025-08-12T12:18:23.8707615Z ##[error]src/utils/data-validation.ts(632,16): error TS2339: Property 'credit_limit' does not exist on type 'Customer'.
2025-08-12T12:18:23.8709096Z ##[error]src/utils/data-validation.ts(632,62): error TS2339: Property 'credit_limit' does not exist on type 'Customer'.
2025-08-12T12:18:23.8710455Z ##[error]src/utils/data-validation.ts(634,73): error TS2339: Property 'credit_limit' does not exist on type 'Customer'.
2025-08-12T12:18:23.8711753Z ##[error]src/utils/performance.ts(278,69): error TS2339: Property 'url' does not exist on type 'URL | Request'.
2025-08-12T12:18:23.8712616Z   Property 'url' does not exist on type 'URL'.
2025-08-12T12:18:23.8713344Z ##[error]src/utils/performance.ts(582,7): error TS2322: Type 'Timeout' is not assignable to type 'number'.
2025-08-12T12:18:23.8715053Z ##[error]src/utils/performance.ts(613,68): error TS2339: Property 'transferSize' does not exist on type 'PerformanceNavigation'.
2025-08-12T12:18:23.8716274Z ##[error]src/utils/performance.ts(616,18): error TS2304: Cannot find name '__webpack_require__'.
2025-08-12T12:18:23.8717358Z ##[error]src/utils/performance.ts(616,57): error TS2304: Cannot find name '__webpack_require__'.
2025-08-12T12:18:23.8718445Z ##[error]src/utils/performance.ts(617,43): error TS2304: Cannot find name '__webpack_require__'.
2025-08-12T12:18:23.8720947Z ##[error]src/utils/route-guards.ts(63,41): error TS2345: Argument of type 'string' is not assignable to parameter of type '"pages/sales/index" | "pages/sales/quote/create" | "pages/sales/quote/preview" | "pages/sales/history/index" | "pages/sales/history/detail" | "pages/admin/login/index"'.
2025-08-12T12:18:23.8727266Z ##[error]src/utils/route-guards.ts(77,25): error TS2345: Argument of type 'string' is not assignable to parameter of type 'never'.
2025-08-12T12:18:23.8729870Z ##[error]src/utils/route-guards.ts(78,39): error TS2345: Argument of type 'string' is not assignable to parameter of type 'never'.
2025-08-12T12:18:23.8754532Z ##[error]Process completed with exit code 2.
